<?xml version="1.0" encoding="UTF-8"?>
<!-- Generated by org.testng.reporters.JUnitXMLReporter -->
<testsuite ignored="0" hostname="DESKTOP-PSK9T3X" failures="1" tests="1" name="Default test" time="95.116" errors="0" timestamp="2024-02-07T17:48:32 IST">
  <testcase classname="io.cucumber.testng.AbstractTestNGCucumberTests" name="runScenario" time="84.014">
    <failure type="java.lang.IllegalArgumentException" message="Cannot find elements when the XPath is null.">
      <![CDATA[java.lang.IllegalArgumentException: Cannot find elements when the XPath is null.
at org.openqa.selenium.internal.Require$ArgumentChecker.nonNull(Require.java:207)
at org.openqa.selenium.By$ByXPath.<init>(By.java:286)
at org.openqa.selenium.By.xpath(By.java:89)
at utilities.UserUtility_614.waitHelperClick(UserUtility_614.java:62)
at utilities.UserUtility_614.clickOnElement(UserUtility_614.java:198)
at stepdefinitions.AccountTransferSteps_612.user7180_click_the_from_bank_in_own_bank_transfer_screen(AccountTransferSteps_612.java:1279)
at ✽.User7180 click the From Bank in Own Bank Transfer screen(file:///C:/Users/inindc00613/git/DBS_Nandhini/Azentio_DigitalBanking_Nandhini/src/test/java/Features/InternationalTransfer_80.feature:153)
]]>
    </failure>
  </testcase> <!-- runScenario -->
</testsuite> <!-- Default test -->
