<?xml version="1.0" encoding="UTF-8"?>
<!-- Generated by org.testng.reporters.JUnitReportReporter -->
<testsuite hostname="DESKTOP-PSK9T3H" failures="0" tests="1" name="runner.TestApplication" time="67.138" errors="1" timestamp="2024-03-08T16:32:26 IST" skipped="0">
  <testcase classname="runner.TestApplication" name="runScenario" time="67.138">
    <error message="Keys to send should be a not null CharSequence" type="java.lang.IllegalArgumentException">
      <![CDATA[java.lang.IllegalArgumentException: Keys to send should be a not null CharSequence
at org.openqa.selenium.remote.RemoteWebElement.sendKeys(RemoteWebElement.java:97)
at utilities.UserUtility_614.enterDataAndEnter(UserUtility_614.java:312)
at stepdefinitions.Beneficarymanagement_Steps.user_612_enter_the_valid_region_code_under_search_button(Beneficarymanagement_Steps.java:375)
at ✽.user_612 enter the valid region code under search button(file:///C:/Users/inindc00612/git/DigitalBanking/DigitalBanking_Razia/src/test/java/Features/BeneficaryManagement_612.feature:301)
]]>
    </error>
  </testcase> <!-- runScenario -->
</testsuite> <!-- runner.TestApplication -->
