<?xml version="1.0" encoding="UTF-8"?>
<!-- Generated by org.testng.reporters.JUnitReportReporter -->
<testsuite hostname="DESKTOP-PSK9T3H" failures="0" tests="1" name="runner.TestApplication" time="365.809" errors="1" timestamp="2024-03-04T16:13:52 IST" skipped="0">
  <testcase classname="runner.TestApplication" name="runScenario" time="365.809">
    <error message="Expected condition failed: waiting for element to be clickable: By.xpath: //input[@type=&quot;search&quot;] (tried for 100 second(s) with 1000 milliseconds interval)
Build info: version: &#039;4.12.1&#039;, revision: &#039;8e34639b11&#039;
System info: os.name: &#039;Windows 10&#039;, os.arch: &#039;amd64&#039;, os.version: &#039;10.0&#039;, java.version: &#039;17.0.8&#039;
Driver info: driver.version: unknown" type="org.openqa.selenium.TimeoutException">
      <![CDATA[org.openqa.selenium.TimeoutException: Expected condition failed: waiting for element to be clickable: By.xpath: //input[@type="search"] (tried for 100 second(s) with 1000 milliseconds interval)
Build info: version: '4.12.1', revision: '8e34639b11'
System info: os.name: 'Windows 10', os.arch: 'amd64', os.version: '10.0', java.version: '17.0.8'
Driver info: driver.version: unknown
at org.openqa.selenium.support.ui.FluentWait.timeoutException(FluentWait.java:262)
at org.openqa.selenium.support.ui.FluentWait.until(FluentWait.java:230)
at utilities.UserUtility_614.waitHelperClick(UserUtility_614.java:62)
at utilities.UserUtility_614.enterDataAndTab(UserUtility_614.java:259)
at stepdefinitions.Beneficarymanagement_Steps.user_612_search_currency_and_select_the_currency_in_the_dropdown(Beneficarymanagement_Steps.java:197)
at ✽.user_612 Search Currency and select the Currency in the dropdown(file:///C:/Users/inindc00612/git/DigitalBanking_razia/Azentio_DigitalBanking_RaziaDigitalBanking/src/test/java/Features/BeneficaryManagement_612.feature:20)
]]>
    </error>
  </testcase> <!-- runScenario -->
</testsuite> <!-- runner.TestApplication -->
