<?xml version="1.0" encoding="UTF-8"?>
<!-- Generated by org.testng.reporters.JUnitXMLReporter -->
<testsuite ignored="0" hostname="AWS-PVDI-45" failures="1" tests="1" name="Default test" time="281.056" errors="0" timestamp="2024-02-28T15:26:57 IST">
  <testcase classname="io.cucumber.testng.AbstractTestNGCucumberTests" name="runScenario" time="263.333">
    <failure type="org.openqa.selenium.TimeoutException" message="Expected condition failed: waiting for visibility of element located by By.xpath: //ion-label[text()=&amp;quot; Previous &amp;quot;] (tried for 100 second(s) with 1000 milliseconds interval)
Build info: version: &amp;apos;4.11.0&amp;apos;, revision: &amp;apos;040bc5406b&amp;apos;
System info: os.name: &amp;apos;Windows 10&amp;apos;, os.arch: &amp;apos;amd64&amp;apos;, os.version: &amp;apos;10.0&amp;apos;, java.version: &amp;apos;17.0.8.1&amp;apos;
Driver info: driver.version: unknown">
      <![CDATA[org.openqa.selenium.TimeoutException: Expected condition failed: waiting for visibility of element located by By.xpath: //ion-label[text()=" Previous "] (tried for 100 second(s) with 1000 milliseconds interval)
Build info: version: '4.11.0', revision: '040bc5406b'
System info: os.name: 'Windows 10', os.arch: 'amd64', os.version: '10.0', java.version: '17.0.8.1'
Driver info: driver.version: unknown
at org.openqa.selenium.support.ui.FluentWait.timeoutException(FluentWait.java:262)
at org.openqa.selenium.support.ui.FluentWait.until(FluentWait.java:230)
at utilities.UserUtility_614.waitHelper(UserUtility_614.java:53)
at utilities.UserUtility_614.elementIsVisible(UserUtility_614.java:635)
at stepdefinitions.DebitCardDetails.user_626verify_the_Previous_is_showing_in_debit_card_pin_change_screen(DebitCardDetails.java:314)
at ✽.User_626 Verify the Previous is showing in Debit Card PinChange Screen(file:///C:/Users/inindc00626/git/DigitalBanking/Azentio_DigitalBanking_Kailash/src/test/java/features/beneficiary.feature:92)
]]>
    </failure>
  </testcase> <!-- runScenario -->
</testsuite> <!-- Default test -->
