<?xml version="1.0" encoding="UTF-8"?>
<!-- Generated by org.testng.reporters.JUnitXMLReporter -->
<testsuite ignored="0" hostname="AWS-PVDI-45" failures="1" tests="1" name="Default test" time="91.845" errors="0" timestamp="2024-01-17T10:12:18 IST">
  <testcase classname="io.cucumber.testng.AbstractTestNGCucumberTests" name="runScenario" time="90.791">
    <failure type="java.lang.NullPointerException" message="Cannot invoke &amp;quot;java.util.HashMap.get(Object)&amp;quot; because &amp;quot;this.testData&amp;quot; is null">
      <![CDATA[java.lang.NullPointerException: Cannot invoke "java.util.HashMap.get(Object)" because "this.testData" is null
at stepdefinitions.DebitCardDetails.user_626_select_the_option_below_the_block_card_screen(DebitCardDetails.java:1073)
at ✽.User_626 Select the option below the block card Screen(file:///C:/Users/inindc00626/git/DigitalBanking/Azentio_DigitalBanking_Kailash/src/test/java/features/Cards.feature:82)
]]>
    </failure>
  </testcase> <!-- runScenario -->
</testsuite> <!-- Default test -->
