<?xml version="1.0" encoding="UTF-8"?>
<!-- Generated by org.testng.reporters.JUnitXMLReporter -->
<testsuite ignored="0" hostname="AWS-PVDI-45" failures="1" tests="1" name="Default test" time="119.568" errors="0" timestamp="2023-12-04T12:46:58 IST">
  <testcase classname="io.cucumber.testng.AbstractTestNGCucumberTests" name="runScenario" time="102.298">
    <failure type="java.lang.AssertionError" message="Cannot invoke &amp;quot;String.contains(java.lang.CharSequence)&amp;quot; because &amp;quot;UtilizedPOSLimit&amp;quot; is null">
      <![CDATA[java.lang.AssertionError: Cannot invoke "String.contains(java.lang.CharSequence)" because "UtilizedPOSLimit" is null
at org.testng.Assert.fail(Assert.java:111)
at stepdefinitions.DebitCardRequest.user_check_the_utilized_pos_limit_field_is_in_read_only_mode_pos_limit_update(DebitCardRequest.java:427)
at ✽.User_626 Check the Utilized POS Limit Field is in read only Mode POS Limit Update(file:///C:/Users/inindc00626/git/DigitalBanking/Azentio_DigitalBanking_Kailash/src/test/java/features/DebitCardRequest.feature:120)
]]>
    </failure>
  </testcase> <!-- runScenario -->
</testsuite> <!-- Default test -->
