<?xml version="1.0" encoding="UTF-8"?>
<!-- Generated by org.testng.reporters.JUnitXMLReporter -->
<testsuite ignored="0" hostname="AWS-PVDI-45" failures="1" tests="1" name="Default test" time="130.048" errors="0" timestamp="2024-02-06T17:41:51 IST">
  <testcase classname="io.cucumber.testng.AbstractTestNGCucumberTests" name="runScenario" time="118.214">
    <failure type="java.lang.IllegalArgumentException" message="Cannot find elements when the XPath is null.">
      <![CDATA[java.lang.IllegalArgumentException: Cannot find elements when the XPath is null.
at org.openqa.selenium.internal.Require$ArgumentChecker.nonNull(Require.java:207)
at org.openqa.selenium.By$ByXPath.<init>(By.java:286)
at org.openqa.selenium.By.xpath(By.java:89)
at utilities.UserUtility_614.waitHelper(UserUtility_614.java:53)
at utilities.UserUtility_614.elementIsVisible(UserUtility_614.java:635)
at stepdefinitions.Transfers.user_626_validate_the_to_account_field_is_available_in_scheduled_own_account_transfer(Transfers.java:104)
at ✽.User_626 Validate the To Account field is Available in Scheduled own account transfer(file:///C:/Users/inindc00626/git/DigitalBanking/Azentio_DigitalBanking_Kailash/src/test/java/features/ScheduledTransfers.feature:209)
]]>
    </failure>
  </testcase> <!-- runScenario -->
</testsuite> <!-- Default test -->
