<?xml version="1.0" encoding="UTF-8"?>
<!-- Generated by org.testng.reporters.JUnitXMLReporter -->
<testsuite ignored="0" hostname="AWS-PVDI-45" failures="1" tests="1" name="Default test" time="30.196" errors="0" timestamp="2024-02-23T10:50:13 IST">
  <testcase classname="io.cucumber.testng.AbstractTestNGCucumberTests" name="runScenario" time="26.129">
    <failure type="java.lang.NullPointerException" message="Cannot invoke &amp;quot;java.util.HashMap.entrySet()&amp;quot; because &amp;quot;this.testData&amp;quot; is null">
      <![CDATA[java.lang.NullPointerException: Cannot invoke "java.util.HashMap.entrySet()" because "this.testData" is null
at dataProvider.DataFromGoogleSheet.<init>(DataFromGoogleSheet.java:106)
at dataProvider.DataReader.<init>(DataReader.java:17)
at resources.BaseClass.initializeDriver(BaseClass.java:21)
at stepdefinitions.HooksClass.browserSetup(HooksClass.java:42)
]]>
    </failure>
  </testcase> <!-- runScenario -->
</testsuite> <!-- Default test -->
