<?xml version="1.0" encoding="UTF-8"?>
<!-- Generated by org.testng.reporters.JUnitXMLReporter -->
<testsuite ignored="0" hostname="AWS-PVDI-45" failures="1" tests="1" name="Default test" time="176.348" errors="0" timestamp="2024-02-02T18:06:45 IST">
  <testcase classname="io.cucumber.testng.AbstractTestNGCucumberTests" name="runScenario" time="167.068">
    <failure type="org.openqa.selenium.TimeoutException" message="Expected condition failed: waiting for element to be clickable: By.xpath: //ion-label[contains(text(),&amp;apos; Transfer Details &amp;apos;)]/ancestor::div//following::ion-item//ion-label[text()=&amp;quot; From Account &amp;quot;]//sup (tried for 100 second(s) with 1000 milliseconds interval)
Build info: version: &amp;apos;4.11.0&amp;apos;, revision: &amp;apos;040bc5406b&amp;apos;
System info: os.name: &amp;apos;Windows 10&amp;apos;, os.arch: &amp;apos;amd64&amp;apos;, os.version: &amp;apos;10.0&amp;apos;, java.version: &amp;apos;17.0.8.1&amp;apos;
Driver info: driver.version: unknown">
      <![CDATA[org.openqa.selenium.TimeoutException: Expected condition failed: waiting for element to be clickable: By.xpath: //ion-label[contains(text(),' Transfer Details ')]/ancestor::div//following::ion-item//ion-label[text()=" From Account "]//sup (tried for 100 second(s) with 1000 milliseconds interval)
Build info: version: '4.11.0', revision: '040bc5406b'
System info: os.name: 'Windows 10', os.arch: 'amd64', os.version: '10.0', java.version: '17.0.8.1'
Driver info: driver.version: unknown
at org.openqa.selenium.support.ui.FluentWait.timeoutException(FluentWait.java:262)
at org.openqa.selenium.support.ui.FluentWait.until(FluentWait.java:230)
at utilities.UserUtility_614.waitHelperClick(UserUtility_614.java:62)
at utilities.UserUtility_614.clickOnElement(UserUtility_614.java:229)
at stepdefinitions.Transfers.user_click_on_the_from_account_field_for_select_from_account_for_transfer(Transfers.java:109)
at ✽.User_626 Click on the from account field for select from account for transfer(file:///C:/Users/inindc00626/git/DigitalBanking/Azentio_DigitalBanking_Kailash/src/test/java/features/ScheduledTransfers.feature:56)
]]>
    </failure>
  </testcase> <!-- runScenario -->
</testsuite> <!-- Default test -->
