<?xml version="1.0" encoding="UTF-8"?>
<!-- Generated by org.testng.reporters.JUnitXMLReporter -->
<testsuite ignored="0" hostname="DESKTOP-PSK9T3G" failures="1" tests="1" name="Default test" time="165.969" errors="0" timestamp="2023-09-07T19:06:28 IST">
  <testcase classname="io.cucumber.testng.AbstractTestNGCucumberTests" name="runScenario" time="162.471">
    <failure type="org.openqa.selenium.TimeoutException" message="Expected condition failed: waiting for visibility of element located by By.xpath: //*[text()=&amp;apos;12345&amp;apos;] (tried for 100 second(s) with 1000 milliseconds interval)
Build info: version: &amp;apos;4.12.1&amp;apos;, revision: &amp;apos;8e34639b11&amp;apos;
System info: os.name: &amp;apos;Windows 10&amp;apos;, os.arch: &amp;apos;amd64&amp;apos;, os.version: &amp;apos;10.0&amp;apos;, java.version: &amp;apos;17.0.7&amp;apos;
Driver info: driver.version: unknown">
      <![CDATA[org.openqa.selenium.TimeoutException: Expected condition failed: waiting for visibility of element located by By.xpath: //*[text()='12345'] (tried for 100 second(s) with 1000 milliseconds interval)
Build info: version: '4.12.1', revision: '8e34639b11'
System info: os.name: 'Windows 10', os.arch: 'amd64', os.version: '10.0', java.version: '17.0.7'
Driver info: driver.version: unknown
at org.openqa.selenium.support.ui.FluentWait.timeoutException(FluentWait.java:262)
at org.openqa.selenium.support.ui.FluentWait.until(FluentWait.java:230)
at utilities.UserUtility_614.waitHelper(UserUtility_614.java:52)
at utilities.UserUtility_614.elementIsVisible(UserUtility_614.java:602)
at stepdefinitions.CsmCore_Steps_614.User_614ValidatesTheRecordIsRetrievedFromTheEnteredTransactionNumber(CsmCore_Steps_614.java:126)
at ✽.user_614 validates the record is retrieved from the entered transaction number(file:///C:/Users/ININDC00614/git/DigitalBanking/Azentio_DigitalBanking_Vimal/src/test/java/features/DBTransactions_614.feature:512)
]]>
    </failure>
  </testcase> <!-- runScenario -->
</testsuite> <!-- Default test -->
