<?xml version="1.0" encoding="UTF-8"?>
<!-- Generated by org.testng.reporters.JUnitXMLReporter -->
<testsuite ignored="0" hostname="DESKTOP-PSK9T3G" failures="1" tests="1" name="Default test" time="184.54" errors="0" timestamp="2023-08-14T10:31:28 IST">
  <testcase classname="io.cucumber.testng.AbstractTestNGCucumberTests" name="runScenario" time="164.299">
    <failure type="org.openqa.selenium.ElementClickInterceptedException" message="element click intercepted: Element &amp;lt;input role=&amp;quot;livesearch&amp;quot; type=&amp;quot;text&amp;quot; id=&amp;quot;1_groupCode_lookuptxt_customerApprovalDetailListGridTbl_Id_OADM10073&amp;quot; class=&amp;quot;liveSearchText liveSearchCompSize ui-widget-content liveSearchInputCorner&amp;quot; name=&amp;quot;lookupTxt_groupCode&amp;quot; prevvalue=&amp;quot;8&amp;quot; value=&amp;quot;8&amp;quot; dependency=&amp;quot;customerGroupMgntCO.customerGroupVO.NAME:groupName,customerGroupMgntCO.customerGroupVO.GROUP_CODE:groupCode_lookuptxt,customerGroupMgntCO.customerGroupVO.GROUP_ID:approvalMatrixDetVO.GROUP_ID&amp;quot; dependencysrc=&amp;quot;/omni_admin_portal_omnichannel_qc_o19/pathdesktop/CustomerGroupDependencyAction_dependencyByCustomerGroupCode?_pageRef=OADM10073&amp;quot; params=&amp;quot;criteria.groupCode:groupCode_lookuptxt,criteria.groupCode_1:groupCode_lookuptxt,criteria.groupCode_2:groupCode_2_lookuptxt,criteria.groupCode_3:groupCode_3_lookuptxt,criteria.groupCode_4:groupCode_4_lookuptxt,criteria.groupToValidate:~CONST_1,iv_crud:ivcrud_OADM10073,criteria.customerId:customerId_OADM10073&amp;quot; afterdepevent=&amp;quot;&amp;quot; leadzeros=&amp;quot;&amp;quot; mode=&amp;quot;number&amp;quot; nbformat=&amp;quot;#&amp;quot; colmodel=&amp;quot;[object Object]&amp;quot; maxlength=&amp;quot;4&amp;quot; gridid=&amp;quot;customerApprovalDetailListGridTbl_Id_OADM10073&amp;quot; editrowid=&amp;quot;1&amp;quot; required=&amp;quot;required&amp;quot;&amp;gt; is not clickable at point (491, 300). Other element would receive the click: &amp;lt;div class=&amp;quot;jMsgbox-background&amp;quot; style=&amp;quot;position: fixed; width: 1920px; height: 873px; z-index: 999999; opacity: 0.6; top: 0px; left: 0px;&amp;quot;&amp;gt;&amp;lt;/div&amp;gt;
  (Session info: chrome=115.0.5790.102)
Build info: version: &amp;apos;4.11.0&amp;apos;, revision: &amp;apos;040bc5406b&amp;apos;
System info: os.name: &amp;apos;Windows 10&amp;apos;, os.arch: &amp;apos;amd64&amp;apos;, os.version: &amp;apos;10.0&amp;apos;, java.version: &amp;apos;17.0.7&amp;apos;
Driver info: org.openqa.selenium.chrome.ChromeDriver
Command: [425543cc9e6bf4555b9e41fbdc901407, clickElement {id=AD40F92845A2426BCC804E48D1CB5BCC_element_461}]
Capabilities {acceptInsecureCerts: false, browserName: chrome, browserVersion: 115.0.5790.102, chrome: {chromedriverVersion: 115.0.5790.102 (90efd4b0ad6..., userDataDir: C:\Users\ININDC~1\AppData\L...}, goog:chromeOptions: {debuggerAddress: localhost:64339}, networkConnectionEnabled: false, pageLoadStrategy: normal, platformName: windows, proxy: Proxy(), se:cdp: ws://localhost:64339/devtoo..., se:cdpVersion: 115.0.5790.102, setWindowRect: true, strictFileInteractability: false, timeouts: {implicit: 0, pageLoad: 300000, script: 30000}, unhandledPromptBehavior: dismiss and notify, webauthn:extension:credBlob: true, webauthn:extension:largeBlob: true, webauthn:extension:minPinLength: true, webauthn:extension:prf: true, webauthn:virtualAuthenticators: true}
Element: [[ChromeDriver: chrome on windows (425543cc9e6bf4555b9e41fbdc901407)] -&amp;gt; xpath: (//td[@class=&amp;apos;liveSearchGridTd&amp;apos;]//*//input)[1]]
Session ID: 425543cc9e6bf4555b9e41fbdc901407">
      <![CDATA[org.openqa.selenium.ElementClickInterceptedException: element click intercepted: Element <input role="livesearch" type="text" id="1_groupCode_lookuptxt_customerApprovalDetailListGridTbl_Id_OADM10073" class="liveSearchText liveSearchCompSize ui-widget-content liveSearchInputCorner" name="lookupTxt_groupCode" prevvalue="8" value="8" dependency="customerGroupMgntCO.customerGroupVO.NAME:groupName,customerGroupMgntCO.customerGroupVO.GROUP_CODE:groupCode_lookuptxt,customerGroupMgntCO.customerGroupVO.GROUP_ID:approvalMatrixDetVO.GROUP_ID" dependencysrc="/omni_admin_portal_omnichannel_qc_o19/pathdesktop/CustomerGroupDependencyAction_dependencyByCustomerGroupCode?_pageRef=OADM10073" params="criteria.groupCode:groupCode_lookuptxt,criteria.groupCode_1:groupCode_lookuptxt,criteria.groupCode_2:groupCode_2_lookuptxt,criteria.groupCode_3:groupCode_3_lookuptxt,criteria.groupCode_4:groupCode_4_lookuptxt,criteria.groupToValidate:~CONST_1,iv_crud:ivcrud_OADM10073,criteria.customerId:customerId_OADM10073" afterdepevent="" leadzeros="" mode="number" nbformat="#" colmodel="[object Object]" maxlength="4" gridid="customerApprovalDetailListGridTbl_Id_OADM10073" editrowid="1" required="required"> is not clickable at point (491, 300). Other element would receive the click: <div class="jMsgbox-background" style="position: fixed; width: 1920px; height: 873px; z-index: 999999; opacity: 0.6; top: 0px; left: 0px;"></div>
  (Session info: chrome=115.0.5790.102)
Build info: version: '4.11.0', revision: '040bc5406b'
System info: os.name: 'Windows 10', os.arch: 'amd64', os.version: '10.0', java.version: '17.0.7'
Driver info: org.openqa.selenium.chrome.ChromeDriver
Command: [425543cc9e6bf4555b9e41fbdc901407, clickElement {id=AD40F92845A2426BCC804E48D1CB5BCC_element_461}]
Capabilities {acceptInsecureCerts: false, browserName: chrome, browserVersion: 115.0.5790.102, chrome: {chromedriverVersion: 115.0.5790.102 (90efd4b0ad6..., userDataDir: C:\Users\ININDC~1\AppData\L...}, goog:chromeOptions: {debuggerAddress: localhost:64339}, networkConnectionEnabled: false, pageLoadStrategy: normal, platformName: windows, proxy: Proxy(), se:cdp: ws://localhost:64339/devtoo..., se:cdpVersion: 115.0.5790.102, setWindowRect: true, strictFileInteractability: false, timeouts: {implicit: 0, pageLoad: 300000, script: 30000}, unhandledPromptBehavior: dismiss and notify, webauthn:extension:credBlob: true, webauthn:extension:largeBlob: true, webauthn:extension:minPinLength: true, webauthn:extension:prf: true, webauthn:virtualAuthenticators: true}
Element: [[ChromeDriver: chrome on windows (425543cc9e6bf4555b9e41fbdc901407)] -> xpath: (//td[@class='liveSearchGridTd']//*//input)[1]]
Session ID: 425543cc9e6bf4555b9e41fbdc901407
at java.base/jdk.internal.reflect.NativeConstructorAccessorImpl.newInstance0(Native Method)
at java.base/jdk.internal.reflect.NativeConstructorAccessorImpl.newInstance(NativeConstructorAccessorImpl.java:77)
at java.base/jdk.internal.reflect.DelegatingConstructorAccessorImpl.newInstance(DelegatingConstructorAccessorImpl.java:45)
at java.base/java.lang.reflect.Constructor.newInstanceWithCaller(Constructor.java:499)
at java.base/java.lang.reflect.Constructor.newInstance(Constructor.java:480)
at org.openqa.selenium.remote.codec.w3c.W3CHttpResponseCodec.createException(W3CHttpResponseCodec.java:200)
at org.openqa.selenium.remote.codec.w3c.W3CHttpResponseCodec.decode(W3CHttpResponseCodec.java:133)
at org.openqa.selenium.remote.codec.w3c.W3CHttpResponseCodec.decode(W3CHttpResponseCodec.java:52)
at org.openqa.selenium.remote.HttpCommandExecutor.execute(HttpCommandExecutor.java:191)
at org.openqa.selenium.remote.service.DriverCommandExecutor.invokeExecute(DriverCommandExecutor.java:196)
at org.openqa.selenium.remote.service.DriverCommandExecutor.execute(DriverCommandExecutor.java:171)
at org.openqa.selenium.remote.RemoteWebDriver.execute(RemoteWebDriver.java:518)
at org.openqa.selenium.remote.RemoteWebElement.execute(RemoteWebElement.java:224)
at org.openqa.selenium.remote.RemoteWebElement.click(RemoteWebElement.java:77)
at utilities.UserUtility_614.clickOnElement(UserUtility_614.java:137)
at utilities.UserUtility_614.enterData(UserUtility_614.java:211)
at stepdefinitions.AdminScreen_Steps_614.UserEnterTheGroupIdInCustomerApprovalMatrixForFirstRow(AdminScreen_Steps_614.java:158)
at ✽.user enter the group id in customer approval matrix for first row(file:///C:/Users/ININDC00614/eclipse-workspace_Azentio/Azentio_DigitalBanking_Vimal/src/test/java/features/DBTransactions_614.feature:20)
]]>
    </failure>
  </testcase> <!-- runScenario -->
</testsuite> <!-- Default test -->
