<?xml version="1.0" encoding="UTF-8"?>
<!-- Generated by org.testng.reporters.JUnitXMLReporter -->
<testsuite ignored="0" hostname="DESKTOP-PSK9T3G" failures="1" tests="1" name="Default test" time="31.651" errors="0" timestamp="2023-08-03T14:12:02 IST">
  <testcase classname="io.cucumber.testng.AbstractTestNGCucumberTests" name="runScenario" time="22.488">
    <failure type="java.lang.NullPointerException" message="Cannot invoke &amp;quot;org.openqa.selenium.WebElement.isDisplayed()&amp;quot; because &amp;quot;element&amp;quot; is null">
      <![CDATA[java.lang.NullPointerException: Cannot invoke "org.openqa.selenium.WebElement.isDisplayed()" because "element" is null
at org.openqa.selenium.support.ui.ExpectedConditions.elementIfVisible(ExpectedConditions.java:304)
at org.openqa.selenium.support.ui.ExpectedConditions.access$000(ExpectedConditions.java:37)
at org.openqa.selenium.support.ui.ExpectedConditions$10.apply(ExpectedConditions.java:290)
at org.openqa.selenium.support.ui.ExpectedConditions$10.apply(ExpectedConditions.java:287)
at org.openqa.selenium.support.ui.FluentWait.until(FluentWait.java:205)
at utilities.UserUtility_614.waitHelper_Js(UserUtility_614.java:44)
at utilities.UserUtility_614.enterDataAndTab(UserUtility_614.java:87)
at stepdefinitions.Digital_Banking_Steps_614.UserEntersTheUsername(Digital_Banking_Steps_614.java:29)
at ✽.user enters the username(file:///C:/Users/ININDC00614/eclipse-workspace_Azentio/Azentio_DigitalBanking_Vimal/src/test/java/features/DigitalBanking_614.feature:5)
]]>
    </failure>
  </testcase> <!-- runScenario -->
</testsuite> <!-- Default test -->
