<html>
<head>
<title>TestNG:  Default test</title>
<link href="../testng.css" rel="stylesheet" type="text/css" />
<link href="../my-testng.css" rel="stylesheet" type="text/css" />

<style type="text/css">
.log { display: none;} 
.stack-trace { display: none;} 
</style>
<script type="text/javascript">
<!--
function flip(e) {
  current = e.style.display;
  if (current == 'block') {
    e.style.display = 'none';
    return 0;
  }
  else {
    e.style.display = 'block';
    return 1;
  }
}

function toggleBox(szDivId, elem, msg1, msg2)
{
  var res = -1;  if (document.getElementById) {
    res = flip(document.getElementById(szDivId));
  }
  else if (document.all) {
    // this is the way old msie versions work
    res = flip(document.all[szDivId]);
  }
  if(elem) {
    if(res == 0) elem.innerHTML = msg1; else elem.innerHTML = msg2;
  }

}

function toggleAllBoxes() {
  if (document.getElementsByTagName) {
    d = document.getElementsByTagName('div');
    for (i = 0; i < d.length; i++) {
      if (d[i].className == 'log') {
        flip(d[i]);
      }
    }
  }
}

// -->
</script>

</head>
<body>
<h2 align='center'>Default test</h2><table border='1' align="center">
<tr>
<td>Tests passed/Failed/Skipped:</td><td>0/1/0</td>
</tr><tr>
<td>Started on:</td><td>Mon Aug 14 10:28:23 IST 2023</td>
</tr>
<tr><td>Total time:</td><td>184 seconds (184540 ms)</td>
</tr><tr>
<td>Included groups:</td><td></td>
</tr><tr>
<td>Excluded groups:</td><td></td>
</tr>
</table><p/>
<small><i>(Hover the method name to see the test class name)</i></small><p/>
<table width='100%' border='1' class='invocation-failed'>
<tr><td colspan='4' align='center'><b>FAILED TESTS</b></td></tr>
<tr><td><b>Test method</b></td>
<td width="30%"><b>Exception</b></td>
<td width="10%"><b>Time (seconds)</b></td>
<td><b>Instance</b></td>
</tr>
<tr>
<td title='Runner.TestApplication.runScenario()'><b>runScenario</b><br>Test class: Runner.TestApplication<br>Test method: Runs Cucumber Scenarios<br>Parameters: "Submit own account transfer - one time with corporate user and two approvals are required", "Optional[Checking the functionalities of Account Transfer]"</td>
<td><div><pre>org.openqa.selenium.ElementClickInterceptedException: element click intercepted: Element &lt;input role=&quot;livesearch&quot; type=&quot;text&quot; id=&quot;1_groupCode_lookuptxt_customerApprovalDetailListGridTbl_Id_OADM10073&quot; class=&quot;liveSearchText liveSearchCompSize ui-widget-content liveSearchInputCorner&quot; name=&quot;lookupTxt_groupCode&quot; prevvalue=&quot;8&quot; value=&quot;8&quot; dependency=&quot;customerGroupMgntCO.customerGroupVO.NAME:groupName,customerGroupMgntCO.customerGroupVO.GROUP_CODE:groupCode_lookuptxt,customerGroupMgntCO.customerGroupVO.GROUP_ID:approvalMatrixDetVO.GROUP_ID&quot; dependencysrc=&quot;/omni_admin_portal_omnichannel_qc_o19/pathdesktop/CustomerGroupDependencyAction_dependencyByCustomerGroupCode?_pageRef=OADM10073&quot; params=&quot;criteria.groupCode:groupCode_lookuptxt,criteria.groupCode_1:groupCode_lookuptxt,criteria.groupCode_2:groupCode_2_lookuptxt,criteria.groupCode_3:groupCode_3_lookuptxt,criteria.groupCode_4:groupCode_4_lookuptxt,criteria.groupToValidate:~CONST_1,iv_crud:ivcrud_OADM10073,criteria.customerId:customerId_OADM10073&quot; afterdepevent=&quot;&quot; leadzeros=&quot;&quot; mode=&quot;number&quot; nbformat=&quot;#&quot; colmodel=&quot;[object Object]&quot; maxlength=&quot;4&quot; gridid=&quot;customerApprovalDetailListGridTbl_Id_OADM10073&quot; editrowid=&quot;1&quot; required=&quot;required&quot;&gt; is not clickable at point (491, 300). Other element would receive the click: &lt;div class=&quot;jMsgbox-background&quot; style=&quot;position: fixed; width: 1920px; height: 873px; z-index: 999999; opacity: 0.6; top: 0px; left: 0px;&quot;&gt;&lt;/div&gt;
  (Session info: chrome=115.0.5790.102)
Build info: version: &apos;4.11.0&apos;, revision: &apos;040bc5406b&apos;
System info: os.name: &apos;Windows 10&apos;, os.arch: &apos;amd64&apos;, os.version: &apos;10.0&apos;, java.version: &apos;17.0.7&apos;
Driver info: org.openqa.selenium.chrome.ChromeDriver
Command: [425543cc9e6bf4555b9e41fbdc901407, clickElement {id=AD40F92845A2426BCC804E48D1CB5BCC_element_461}]
Capabilities {acceptInsecureCerts: false, browserName: chrome, browserVersion: 115.0.5790.102, chrome: {chromedriverVersion: 115.0.5790.102 (90efd4b0ad6..., userDataDir: C:\Users\ININDC~1\AppData\L...}, goog:chromeOptions: {debuggerAddress: localhost:64339}, networkConnectionEnabled: false, pageLoadStrategy: normal, platformName: windows, proxy: Proxy(), se:cdp: ws://localhost:64339/devtoo..., se:cdpVersion: 115.0.5790.102, setWindowRect: true, strictFileInteractability: false, timeouts: {implicit: 0, pageLoad: 300000, script: 30000}, unhandledPromptBehavior: dismiss and notify, webauthn:extension:credBlob: true, webauthn:extension:largeBlob: true, webauthn:extension:minPinLength: true, webauthn:extension:prf: true, webauthn:virtualAuthenticators: true}
Element: [[ChromeDriver: chrome on windows (425543cc9e6bf4555b9e41fbdc901407)] -&gt; xpath: (//td[@class=&apos;liveSearchGridTd&apos;]//*//input)[1]]
Session ID: 425543cc9e6bf4555b9e41fbdc901407
	at java.base/jdk.internal.reflect.NativeConstructorAccessorImpl.newInstance0(Native Method)
	at java.base/jdk.internal.reflect.NativeConstructorAccessorImpl.newInstance(NativeConstructorAccessorImpl.java:77)
	at java.base/jdk.internal.reflect.DelegatingConstructorAccessorImpl.newInstance(DelegatingConstructorAccessorImpl.java:45)
	at java.base/java.lang.reflect.Constructor.newInstanceWithCaller(Constructor.java:499)
	at java.base/java.lang.reflect.Constructor.newInstance(Constructor.java:480)
	at org.openqa.selenium.remote.codec.w3c.W3CHttpResponseCodec.createException(W3CHttpResponseCodec.java:200)
	at org.openqa.selenium.remote.codec.w3c.W3CHttpResponseCodec.decode(W3CHttpResponseCodec.java:133)
	at org.openqa.selenium.remote.codec.w3c.W3CHttpResponseCodec.decode(W3CHttpResponseCodec.java:52)
	at org.openqa.selenium.remote.HttpCommandExecutor.execute(HttpCommandExecutor.java:191)
	at org.openqa.selenium.remote.service.DriverCommandExecutor.invokeExecute(DriverCommandExecutor.java:196)
	at org.openqa.selenium.remote.service.DriverCommandExecutor.execute(DriverCommandExecutor.java:171)
	at org.openqa.selenium.remote.RemoteWebDriver.execute(RemoteWebDriver.java:518)
	at org.openqa.selenium.remote.RemoteWebElement.execute(RemoteWebElement.java:224)
	at org.openqa.selenium.remote.RemoteWebElement.click(RemoteWebElement.java:77)
	at utilities.UserUtility_614.clickOnElement(UserUtility_614.java:137)
	at utilities.UserUtility_614.enterData(UserUtility_614.java:211)
	at stepdefinitions.AdminScreen_Steps_614.UserEnterTheGroupIdInCustomerApprovalMatrixForFirstRow(AdminScreen_Steps_614.java:158)
	at ✽.user enter the group id in customer approval matrix for first row(file:///C:/Users/ININDC00614/eclipse-workspace_Azentio/Azentio_DigitalBanking_Vimal/src/test/java/features/DBTransactions_614.feature:20)
</pre></div><a href='#' onClick='toggleBox("stack-trace1212833245", this, "Click to show all stack frames", "Click to hide stack frames")'>Click to show all stack frames</a>
<div class='stack-trace' id='stack-trace1212833245'><pre>org.openqa.selenium.ElementClickInterceptedException: element click intercepted: Element &lt;input role=&quot;livesearch&quot; type=&quot;text&quot; id=&quot;1_groupCode_lookuptxt_customerApprovalDetailListGridTbl_Id_OADM10073&quot; class=&quot;liveSearchText liveSearchCompSize ui-widget-content liveSearchInputCorner&quot; name=&quot;lookupTxt_groupCode&quot; prevvalue=&quot;8&quot; value=&quot;8&quot; dependency=&quot;customerGroupMgntCO.customerGroupVO.NAME:groupName,customerGroupMgntCO.customerGroupVO.GROUP_CODE:groupCode_lookuptxt,customerGroupMgntCO.customerGroupVO.GROUP_ID:approvalMatrixDetVO.GROUP_ID&quot; dependencysrc=&quot;/omni_admin_portal_omnichannel_qc_o19/pathdesktop/CustomerGroupDependencyAction_dependencyByCustomerGroupCode?_pageRef=OADM10073&quot; params=&quot;criteria.groupCode:groupCode_lookuptxt,criteria.groupCode_1:groupCode_lookuptxt,criteria.groupCode_2:groupCode_2_lookuptxt,criteria.groupCode_3:groupCode_3_lookuptxt,criteria.groupCode_4:groupCode_4_lookuptxt,criteria.groupToValidate:~CONST_1,iv_crud:ivcrud_OADM10073,criteria.customerId:customerId_OADM10073&quot; afterdepevent=&quot;&quot; leadzeros=&quot;&quot; mode=&quot;number&quot; nbformat=&quot;#&quot; colmodel=&quot;[object Object]&quot; maxlength=&quot;4&quot; gridid=&quot;customerApprovalDetailListGridTbl_Id_OADM10073&quot; editrowid=&quot;1&quot; required=&quot;required&quot;&gt; is not clickable at point (491, 300). Other element would receive the click: &lt;div class=&quot;jMsgbox-background&quot; style=&quot;position: fixed; width: 1920px; height: 873px; z-index: 999999; opacity: 0.6; top: 0px; left: 0px;&quot;&gt;&lt;/div&gt;
  (Session info: chrome=115.0.5790.102)
Build info: version: &apos;4.11.0&apos;, revision: &apos;040bc5406b&apos;
System info: os.name: &apos;Windows 10&apos;, os.arch: &apos;amd64&apos;, os.version: &apos;10.0&apos;, java.version: &apos;17.0.7&apos;
Driver info: org.openqa.selenium.chrome.ChromeDriver
Command: [425543cc9e6bf4555b9e41fbdc901407, clickElement {id=AD40F92845A2426BCC804E48D1CB5BCC_element_461}]
Capabilities {acceptInsecureCerts: false, browserName: chrome, browserVersion: 115.0.5790.102, chrome: {chromedriverVersion: 115.0.5790.102 (90efd4b0ad6..., userDataDir: C:\Users\ININDC~1\AppData\L...}, goog:chromeOptions: {debuggerAddress: localhost:64339}, networkConnectionEnabled: false, pageLoadStrategy: normal, platformName: windows, proxy: Proxy(), se:cdp: ws://localhost:64339/devtoo..., se:cdpVersion: 115.0.5790.102, setWindowRect: true, strictFileInteractability: false, timeouts: {implicit: 0, pageLoad: 300000, script: 30000}, unhandledPromptBehavior: dismiss and notify, webauthn:extension:credBlob: true, webauthn:extension:largeBlob: true, webauthn:extension:minPinLength: true, webauthn:extension:prf: true, webauthn:virtualAuthenticators: true}
Element: [[ChromeDriver: chrome on windows (425543cc9e6bf4555b9e41fbdc901407)] -&gt; xpath: (//td[@class=&apos;liveSearchGridTd&apos;]//*//input)[1]]
Session ID: 425543cc9e6bf4555b9e41fbdc901407
	at java.base/jdk.internal.reflect.NativeConstructorAccessorImpl.newInstance0(Native Method)
	at java.base/jdk.internal.reflect.NativeConstructorAccessorImpl.newInstance(NativeConstructorAccessorImpl.java:77)
	at java.base/jdk.internal.reflect.DelegatingConstructorAccessorImpl.newInstance(DelegatingConstructorAccessorImpl.java:45)
	at java.base/java.lang.reflect.Constructor.newInstanceWithCaller(Constructor.java:499)
	at java.base/java.lang.reflect.Constructor.newInstance(Constructor.java:480)
	at org.openqa.selenium.remote.codec.w3c.W3CHttpResponseCodec.createException(W3CHttpResponseCodec.java:200)
	at org.openqa.selenium.remote.codec.w3c.W3CHttpResponseCodec.decode(W3CHttpResponseCodec.java:133)
	at org.openqa.selenium.remote.codec.w3c.W3CHttpResponseCodec.decode(W3CHttpResponseCodec.java:52)
	at org.openqa.selenium.remote.HttpCommandExecutor.execute(HttpCommandExecutor.java:191)
	at org.openqa.selenium.remote.service.DriverCommandExecutor.invokeExecute(DriverCommandExecutor.java:196)
	at org.openqa.selenium.remote.service.DriverCommandExecutor.execute(DriverCommandExecutor.java:171)
	at org.openqa.selenium.remote.RemoteWebDriver.execute(RemoteWebDriver.java:518)
	at org.openqa.selenium.remote.RemoteWebElement.execute(RemoteWebElement.java:224)
	at org.openqa.selenium.remote.RemoteWebElement.click(RemoteWebElement.java:77)
	at utilities.UserUtility_614.clickOnElement(UserUtility_614.java:137)
	at utilities.UserUtility_614.enterData(UserUtility_614.java:211)
	at stepdefinitions.AdminScreen_Steps_614.UserEnterTheGroupIdInCustomerApprovalMatrixForFirstRow(AdminScreen_Steps_614.java:158)
	at ✽.user enter the group id in customer approval matrix for first row(file:///C:/Users/ININDC00614/eclipse-workspace_Azentio/Azentio_DigitalBanking_Vimal/src/test/java/features/DBTransactions_614.feature:20)
</pre></div></td>
<td>164</td>
<td>Runner.TestApplication@4b29d1d2</td></tr>
</table><p>
</body>
</html>