<?xml version="1.0" encoding="UTF-8"?>
<!-- Generated by org.testng.reporters.JUnitXMLReporter -->
<testsuite ignored="0" hostname="DESKTOP-PSK9T3G" failures="1" tests="1" name="Default test" time="341.949" errors="0" timestamp="2023-09-08T18:51:15 IST">
  <testcase classname="io.cucumber.testng.AbstractTestNGCucumberTests" name="runScenario" time="338.667">
    <failure type="org.openqa.selenium.TimeoutException" message="Expected condition failed: waiting for element to be clickable: By.xpath: //div[@class=&amp;apos;menu_content_complex&amp;apos;]//ps-action-menu-item//ion-label[text()=&amp;apos; Cards &amp;apos;] (tried for 100 second(s) with 1000 milliseconds interval)
Build info: version: &amp;apos;4.12.1&amp;apos;, revision: &amp;apos;8e34639b11&amp;apos;
System info: os.name: &amp;apos;Windows 10&amp;apos;, os.arch: &amp;apos;amd64&amp;apos;, os.version: &amp;apos;10.0&amp;apos;, java.version: &amp;apos;17.0.7&amp;apos;
Driver info: driver.version: unknown">
      <![CDATA[org.openqa.selenium.TimeoutException: Expected condition failed: waiting for element to be clickable: By.xpath: //div[@class='menu_content_complex']//ps-action-menu-item//ion-label[text()=' Cards '] (tried for 100 second(s) with 1000 milliseconds interval)
Build info: version: '4.12.1', revision: '8e34639b11'
System info: os.name: 'Windows 10', os.arch: 'amd64', os.version: '10.0', java.version: '17.0.7'
Driver info: driver.version: unknown
at org.openqa.selenium.support.ui.FluentWait.timeoutException(FluentWait.java:262)
at org.openqa.selenium.support.ui.FluentWait.until(FluentWait.java:230)
at utilities.UserUtility_614.waitHelperClick(UserUtility_614.java:61)
at utilities.UserUtility_614.clickOnElementJs(UserUtility_614.java:214)
at stepdefinitions.Cards_Steps_614.User_614ClickOnTheCardsScreenFromTheOmniHomescreen(Cards_Steps_614.java:68)
at ✽.user_614 click on the cards screen from the omni homescreen(file:///C:/Users/ININDC00614/git/DigitalBanking/src/test/java/features/DBCards_614.feature:65)
]]>
    </failure>
  </testcase> <!-- runScenario -->
</testsuite> <!-- Default test -->
