<?xml version="1.0" encoding="UTF-8"?>
<testng-results ignored="0" total="1" passed="1" failed="0" skipped="0">
  <reporter-output>
  </reporter-output>
  <suite started-at="2023-12-01T12:43:27 IST" name="Default suite" finished-at="2023-12-01T12:46:04 IST" duration-ms="156723">
    <groups>
      <group name="cucumber">
        <method signature="AbstractTestNGCucumberTests.runScenario(io.cucumber.testng.PickleWrapper,io.cucumber.testng.FeatureWrapper)[pri:0, instance:Runner.TestApplication@5d908d47]" name="runScenario" class="io.cucumber.testng.AbstractTestNGCucumberTests"/>
      </group> <!-- cucumber -->
    </groups>
    <test started-at="2023-12-01T12:43:27 IST" name="Default test" finished-at="2023-12-01T12:46:04 IST" duration-ms="156723">
      <class name="Runner.TestApplication">
        <test-method is-config="true" signature="setUpClass()[pri:0, instance:Runner.TestApplication@5d908d47]" started-at="2023-12-01T12:43:27 IST" name="setUpClass" finished-at="2023-12-01T12:43:28 IST" duration-ms="915" status="PASS">
          <reporter-output>
          </reporter-output>
        </test-method> <!-- setUpClass -->
        <test-method signature="runScenario(io.cucumber.testng.PickleWrapper,io.cucumber.testng.FeatureWrapper)[pri:0, instance:Runner.TestApplication@5d908d47]" started-at="2023-12-01T12:43:28 IST" name="runScenario" description="Runs Cucumber Scenarios" data-provider="scenarios" finished-at="2023-12-01T12:45:52 IST" duration-ms="143867" status="PASS">
          <params>
            <param index="0">
              <value>
                <![CDATA["Verify the Functionality of previous button - Screen 2"]]>
              </value>
            </param>
            <param index="1">
              <value>
                <![CDATA["Optional[Checking the functionalities of DebitCardRequest]"]]>
              </value>
            </param>
          </params>
          <reporter-output>
          </reporter-output>
        </test-method> <!-- runScenario -->
        <test-method is-config="true" signature="tearDownClass()[pri:0, instance:Runner.TestApplication@5d908d47]" started-at="2023-12-01T12:45:52 IST" name="tearDownClass" finished-at="2023-12-01T12:46:04 IST" duration-ms="11883" status="PASS">
          <reporter-output>
          </reporter-output>
        </test-method> <!-- tearDownClass -->
      </class> <!-- Runner.TestApplication -->
    </test> <!-- Default test -->
  </suite> <!-- Default suite -->
</testng-results>
