<?xml version="1.0" encoding="UTF-8"?>
<!-- Generated by org.testng.reporters.JUnitReportReporter -->
<testsuite hostname="AWS-PVDI-45" failures="0" tests="1" name="Runner.TestApplication" time="183.909" errors="1" timestamp="2024-02-09T13:41:35 IST" skipped="0">
  <testcase classname="Runner.TestApplication" name="runScenario" time="183.909">
    <error message="Expected condition failed: waiting for element to be clickable: By.xpath: (//ion-label[contains(text(),&#039; Transfer Details &#039;)]/ancestor::div//following::ps-label//ion-label[text()=&quot; 0001000197821026510114932000 &quot;])[2] (tried for 100 second(s) with 1000 milliseconds interval)
Build info: version: &#039;4.11.0&#039;, revision: &#039;040bc5406b&#039;
System info: os.name: &#039;Windows 10&#039;, os.arch: &#039;amd64&#039;, os.version: &#039;10.0&#039;, java.version: &#039;17.0.8.1&#039;
Driver info: driver.version: unknown" type="org.openqa.selenium.TimeoutException">
      <![CDATA[org.openqa.selenium.TimeoutException: Expected condition failed: waiting for element to be clickable: By.xpath: (//ion-label[contains(text(),' Transfer Details ')]/ancestor::div//following::ps-label//ion-label[text()=" 0001000197821026510114932000 "])[2] (tried for 100 second(s) with 1000 milliseconds interval)
Build info: version: '4.11.0', revision: '040bc5406b'
System info: os.name: 'Windows 10', os.arch: 'amd64', os.version: '10.0', java.version: '17.0.8.1'
Driver info: driver.version: unknown
at org.openqa.selenium.support.ui.FluentWait.timeoutException(FluentWait.java:262)
at org.openqa.selenium.support.ui.FluentWait.until(FluentWait.java:230)
at utilities.UserUtility_614.waitHelperClick(UserUtility_614.java:62)
at utilities.UserUtility_614.clickOnElement(UserUtility_614.java:229)
at stepdefinitions.Transfers.user_626_select_the_from_account_for_scheduled_own_account_transfer(Transfers.java:128)
at ✽.User_626 select the from account for Scheduled own Account Transfer(file:///C:/Users/inindc00626/git/DigitalBanking/Azentio_DigitalBanking_Kailash/src/test/java/features/ScheduledTransfers.feature:58)
]]>
    </error>
  </testcase> <!-- runScenario -->
</testsuite> <!-- Runner.TestApplication -->
