<?xml version="1.0" encoding="UTF-8"?>
<!-- Generated by org.testng.reporters.JUnitReportReporter -->
<testsuite hostname="DESKTOP-PSK9T3H" failures="0" tests="1" name="Runner.TestApplication" time="132.065" errors="1" timestamp="2023-12-15T17:51:18 IST" skipped="0">
  <testcase classname="Runner.TestApplication" name="runScenario" time="132.065">
    <error message="Expected condition failed: waiting for element to be clickable: By.xpath: //ion-icon[@id=&#039;back_icon&#039;] (tried for 20 second(s) with 1000 milliseconds interval)
Build info: version: &#039;4.12.1&#039;, revision: &#039;8e34639b11&#039;
System info: os.name: &#039;Windows 10&#039;, os.arch: &#039;amd64&#039;, os.version: &#039;10.0&#039;, java.version: &#039;17.0.8&#039;
Driver info: driver.version: unknown" type="org.openqa.selenium.TimeoutException">
      <![CDATA[org.openqa.selenium.TimeoutException: Expected condition failed: waiting for element to be clickable: By.xpath: //ion-icon[@id='back_icon'] (tried for 20 second(s) with 1000 milliseconds interval)
Build info: version: '4.12.1', revision: '8e34639b11'
System info: os.name: 'Windows 10', os.arch: 'amd64', os.version: '10.0', java.version: '17.0.8'
Driver info: driver.version: unknown
at org.openqa.selenium.support.ui.FluentWait.timeoutException(FluentWait.java:262)
at org.openqa.selenium.support.ui.FluentWait.until(FluentWait.java:230)
at utilities.UserUtility_614.waitHelperClick(UserUtility_614.java:154)
at utilities.UserUtility_614.clickOnElementNoWait(UserUtility_614.java:215)
at stepdefinitions.CreditCardSettlementSteps_612.user_click_previous_button_under_my_credit_card_settlement(CreditCardSettlementSteps_612.java:218)
at ✽.user_612 click previous button under my credit card settlement(file:///C:/Users/inindc00612/git/DigitalBanking/Azentio_DigitalBanking_Razia2/src/test/java/Features/CreditCardSettlement_612.feature:212)
]]>
    </error>
  </testcase> <!-- runScenario -->
</testsuite> <!-- Runner.TestApplication -->
