<?xml version="1.0" encoding="UTF-8"?>
<!-- Generated by org.testng.reporters.JUnitReportReporter -->
<testsuite hostname="DESKTOP-PSK9T3H" failures="0" tests="1" name="Runner.TestApplication" time="101.075" errors="1" timestamp="2023-12-22T18:19:44 IST" skipped="0">
  <testcase classname="Runner.TestApplication" name="runScenario" time="101.075">
    <error message="Cannot invoke &quot;java.util.HashMap.get(Object)&quot; because &quot;this.testData&quot; is null" type="java.lang.NullPointerException">
      <![CDATA[java.lang.NullPointerException: Cannot invoke "java.util.HashMap.get(Object)" because "this.testData" is null
at stepdefinitions.AccountTransferSteps_612.user_612EntersTheTransactionAmountInTheTransfersScreen(AccountTransferSteps_612.java:378)
at ✽.user_612 enters the transaction amount in the transfers screen(file:///C:/Users/inindc00612/git/DigitalBanking/Azentio_DigitalBanking_Razia2/src/test/java/Features/Activitylogreport_612.feature:55)
]]>
    </error>
  </testcase> <!-- runScenario -->
</testsuite> <!-- Runner.TestApplication -->
