<?xml version="1.0" encoding="UTF-8"?>
<testng-results ignored="0" total="2" passed="2" failed="0" skipped="0">
  <reporter-output>
  </reporter-output>
  <suite started-at="2024-01-09T11:47:21 IST" name="Default suite" finished-at="2024-01-09T11:51:34 IST" duration-ms="253755">
    <groups>
      <group name="cucumber">
        <method signature="AbstractTestNGCucumberTests.runScenario(io.cucumber.testng.PickleWrapper,io.cucumber.testng.FeatureWrapper)[pri:0, instance:Runner.TestApplication@5d908d47]" name="runScenario" class="io.cucumber.testng.AbstractTestNGCucumberTests"/>
      </group> <!-- cucumber -->
    </groups>
    <test started-at="2024-01-09T11:47:21 IST" name="Default test" finished-at="2024-01-09T11:51:34 IST" duration-ms="253755">
      <class name="Runner.TestApplication">
        <test-method is-config="true" signature="setUpClass()[pri:0, instance:Runner.TestApplication@5d908d47]" started-at="2024-01-09T11:47:21 IST" name="setUpClass" finished-at="2024-01-09T11:47:22 IST" duration-ms="940" status="PASS">
          <reporter-output>
          </reporter-output>
        </test-method> <!-- setUpClass -->
        <test-method signature="runScenario(io.cucumber.testng.PickleWrapper,io.cucumber.testng.FeatureWrapper)[pri:0, instance:Runner.TestApplication@5d908d47]" started-at="2024-01-09T11:47:22 IST" name="runScenario" description="Runs Cucumber Scenarios" data-provider="scenarios" finished-at="2024-01-09T11:48:46 IST" duration-ms="84254" status="PASS">
          <params>
            <param index="0">
              <value>
                <![CDATA["Verify that user able to Submit Prepaid card request"]]>
              </value>
            </param>
            <param index="1">
              <value>
                <![CDATA["Optional[Prepaid Card request Screen all functionality Test Cases]"]]>
              </value>
            </param>
          </params>
          <reporter-output>
          </reporter-output>
        </test-method> <!-- runScenario -->
        <test-method signature="runScenario(io.cucumber.testng.PickleWrapper,io.cucumber.testng.FeatureWrapper)[pri:0, instance:Runner.TestApplication@5d908d47]" started-at="2024-01-09T11:48:46 IST" name="runScenario" description="Runs Cucumber Scenarios" data-provider="scenarios" finished-at="2024-01-09T11:51:07 IST" duration-ms="140784" status="PASS">
          <params>
            <param index="0">
              <value>
                <![CDATA["Test the Functionality of prepaid card request 1st Screen in retail Link"]]>
              </value>
            </param>
            <param index="1">
              <value>
                <![CDATA["Optional[Prepaid Card request Screen all functionality Test Cases]"]]>
              </value>
            </param>
          </params>
          <reporter-output>
          </reporter-output>
        </test-method> <!-- runScenario -->
        <test-method is-config="true" signature="tearDownClass()[pri:0, instance:Runner.TestApplication@5d908d47]" started-at="2024-01-09T11:51:07 IST" name="tearDownClass" finished-at="2024-01-09T11:51:34 IST" duration-ms="27714" status="PASS">
          <reporter-output>
          </reporter-output>
        </test-method> <!-- tearDownClass -->
      </class> <!-- Runner.TestApplication -->
    </test> <!-- Default test -->
  </suite> <!-- Default suite -->
</testng-results>
