<?xml version="1.0" encoding="UTF-8"?>
<testng-results ignored="0" total="1" passed="0" failed="1" skipped="0">
  <reporter-output>
  </reporter-output>
  <suite started-at="2024-02-23T10:49:43 IST" name="Default suite" finished-at="2024-02-23T10:50:13 IST" duration-ms="30196">
    <groups>
      <group name="cucumber">
        <method signature="AbstractTestNGCucumberTests.runScenario(io.cucumber.testng.PickleWrapper,io.cucumber.testng.FeatureWrapper)[pri:0, instance:Runner.TestApplication@660acfb]" name="runScenario" class="io.cucumber.testng.AbstractTestNGCucumberTests"/>
      </group> <!-- cucumber -->
    </groups>
    <test started-at="2024-02-23T10:49:43 IST" name="Default test" finished-at="2024-02-23T10:50:13 IST" duration-ms="30196">
      <class name="Runner.TestApplication">
        <test-method is-config="true" signature="setUpClass()[pri:0, instance:Runner.TestApplication@660acfb]" started-at="2024-02-23T10:49:43 IST" name="setUpClass" finished-at="2024-02-23T10:49:44 IST" duration-ms="1187" status="PASS">
          <reporter-output>
          </reporter-output>
        </test-method> <!-- setUpClass -->
        <test-method signature="runScenario(io.cucumber.testng.PickleWrapper,io.cucumber.testng.FeatureWrapper)[pri:0, instance:Runner.TestApplication@660acfb]" started-at="2024-02-23T10:49:44 IST" name="runScenario" description="Runs Cucumber Scenarios" data-provider="scenarios" finished-at="2024-02-23T10:50:10 IST" duration-ms="26129" status="FAIL">
          <params>
            <param index="0">
              <value>
                <![CDATA["Check the edit options post adding of the beneficiary details in the beneficiary management for the Local bank transfer"]]>
              </value>
            </param>
            <param index="1">
              <value>
                <![CDATA["Optional[Testing the functionalities of Beneficiary in omni]"]]>
              </value>
            </param>
          </params>
          <exception class="java.lang.NullPointerException">
            <message>
              <![CDATA[Cannot invoke "java.util.HashMap.entrySet()" because "this.testData" is null]]>
            </message>
            <full-stacktrace>
              <![CDATA[java.lang.NullPointerException: Cannot invoke "java.util.HashMap.entrySet()" because "this.testData" is null
at dataProvider.DataFromGoogleSheet.<init>(DataFromGoogleSheet.java:106)
at dataProvider.DataReader.<init>(DataReader.java:17)
at resources.BaseClass.initializeDriver(BaseClass.java:21)
at stepdefinitions.HooksClass.browserSetup(HooksClass.java:42)
]]>
            </full-stacktrace>
          </exception> <!-- java.lang.NullPointerException -->
          <reporter-output>
          </reporter-output>
        </test-method> <!-- runScenario -->
        <test-method is-config="true" signature="tearDownClass()[pri:0, instance:Runner.TestApplication@660acfb]" started-at="2024-02-23T10:50:10 IST" name="tearDownClass" finished-at="2024-02-23T10:50:13 IST" duration-ms="2822" status="PASS">
          <reporter-output>
          </reporter-output>
        </test-method> <!-- tearDownClass -->
      </class> <!-- Runner.TestApplication -->
    </test> <!-- Default test -->
  </suite> <!-- Default suite -->
</testng-results>
