<?xml version="1.0" encoding="UTF-8"?>
<testng-results ignored="0" total="1" passed="1" failed="0" skipped="0">
  <reporter-output>
  </reporter-output>
  <suite started-at="2024-02-15T14:03:42 IST" name="Default suite" finished-at="2024-02-15T14:07:05 IST" duration-ms="203582">
    <groups>
      <group name="cucumber">
        <method signature="AbstractTestNGCucumberTests.runScenario(io.cucumber.testng.PickleWrapper,io.cucumber.testng.FeatureWrapper)[pri:0, instance:Runner.TestApplication@660acfb]" name="runScenario" class="io.cucumber.testng.AbstractTestNGCucumberTests"/>
      </group> <!-- cucumber -->
    </groups>
    <test started-at="2024-02-15T14:03:42 IST" name="Default test" finished-at="2024-02-15T14:07:05 IST" duration-ms="203582">
      <class name="Runner.TestApplication">
        <test-method is-config="true" signature="setUpClass()[pri:0, instance:Runner.TestApplication@660acfb]" started-at="2024-02-15T14:03:42 IST" name="setUpClass" finished-at="2024-02-15T14:03:43 IST" duration-ms="935" status="PASS">
          <reporter-output>
          </reporter-output>
        </test-method> <!-- setUpClass -->
        <test-method signature="runScenario(io.cucumber.testng.PickleWrapper,io.cucumber.testng.FeatureWrapper)[pri:0, instance:Runner.TestApplication@660acfb]" started-at="2024-02-15T14:03:43 IST" name="runScenario" description="Runs Cucumber Scenarios" data-provider="scenarios" finished-at="2024-02-15T14:06:48 IST" duration-ms="185779" status="PASS">
          <params>
            <param index="0">
              <value>
                <![CDATA["Add a beneficiary for the own bank transfer for retail user with valid account"]]>
              </value>
            </param>
            <param index="1">
              <value>
                <![CDATA["Optional[Testing the functionalities of Beneficiary in omni]"]]>
              </value>
            </param>
          </params>
          <reporter-output>
          </reporter-output>
        </test-method> <!-- runScenario -->
        <test-method is-config="true" signature="tearDownClass()[pri:0, instance:Runner.TestApplication@660acfb]" started-at="2024-02-15T14:06:48 IST" name="tearDownClass" finished-at="2024-02-15T14:07:05 IST" duration-ms="16780" status="PASS">
          <reporter-output>
          </reporter-output>
        </test-method> <!-- tearDownClass -->
      </class> <!-- Runner.TestApplication -->
    </test> <!-- Default test -->
  </suite> <!-- Default suite -->
</testng-results>
