<?xml version="1.0" encoding="UTF-8"?>
<testng-results ignored="0" total="1" passed="0" failed="1" skipped="0">
  <reporter-output>
  </reporter-output>
  <suite started-at="2023-10-04T17:43:30 IST" name="Default suite" finished-at="2023-10-04T17:46:35 IST" duration-ms="185624">
    <groups>
      <group name="cucumber">
        <method signature="AbstractTestNGCucumberTests.runScenario(io.cucumber.testng.PickleWrapper,io.cucumber.testng.FeatureWrapper)[pri:0, instance:Runner.TestApplication@5d908d47]" name="runScenario" class="io.cucumber.testng.AbstractTestNGCucumberTests"/>
      </group> <!-- cucumber -->
    </groups>
    <test started-at="2023-10-04T17:43:30 IST" name="Default test" finished-at="2023-10-04T17:46:35 IST" duration-ms="185624">
      <class name="Runner.TestApplication">
        <test-method is-config="true" signature="setUpClass()[pri:0, instance:Runner.TestApplication@5d908d47]" started-at="2023-10-04T17:43:30 IST" name="setUpClass" finished-at="2023-10-04T17:43:31 IST" duration-ms="914" status="PASS">
          <reporter-output>
          </reporter-output>
        </test-method> <!-- setUpClass -->
        <test-method signature="runScenario(io.cucumber.testng.PickleWrapper,io.cucumber.testng.FeatureWrapper)[pri:0, instance:Runner.TestApplication@5d908d47]" started-at="2023-10-04T17:43:31 IST" name="runScenario" description="Runs Cucumber Scenarios" data-provider="scenarios" finished-at="2023-10-04T17:46:28 IST" duration-ms="176931" status="FAIL">
          <params>
            <param index="0">
              <value>
                <![CDATA["check if the system Validate Activity log for non beneficiary internal Transfer Corporate_IB _checker user-Reject request"]]>
              </value>
            </param>
            <param index="1">
              <value>
                <![CDATA["Optional[Testing the functionalities of Activity Log Report in omni]"]]>
              </value>
            </param>
          </params>
          <exception class="org.openqa.selenium.TimeoutException">
            <message>
              <![CDATA[Expected condition failed: waiting for element to be clickable: By.xpath: //a[@id='undefined']//*[contains(text(),' Scheduled Own Bank Transfer ')] (tried for 100 second(s) with 1000 milliseconds interval)
Build info: version: '4.11.0', revision: '040bc5406b'
System info: os.name: 'Windows 10', os.arch: 'amd64', os.version: '10.0', java.version: '17.0.8.1'
Driver info: driver.version: unknown]]>
            </message>
            <full-stacktrace>
              <![CDATA[org.openqa.selenium.TimeoutException: Expected condition failed: waiting for element to be clickable: By.xpath: //a[@id='undefined']//*[contains(text(),' Scheduled Own Bank Transfer ')] (tried for 100 second(s) with 1000 milliseconds interval)
Build info: version: '4.11.0', revision: '040bc5406b'
System info: os.name: 'Windows 10', os.arch: 'amd64', os.version: '10.0', java.version: '17.0.8.1'
Driver info: driver.version: unknown
at org.openqa.selenium.support.ui.FluentWait.timeoutException(FluentWait.java:262)
at org.openqa.selenium.support.ui.FluentWait.until(FluentWait.java:230)
at utilities.UserUtility_614.waitHelperClick(UserUtility_614.java:62)
at utilities.UserUtility_614.clickOnElement(UserUtility_614.java:229)
at stepdefinitions.AdminScreen_Steps_5679.user_click_on_the_own_bank_transfer_under_the_transfer(AdminScreen_Steps_5679.java:1231)
at ✽.user_5679 click on the own bank transfer under the Transfer(file:///C:/Users/inindc00626/git/DigitalBanking/Azentio_DigitalBanking_Kailash/src/test/java/features/ActivityLogReport.feature:68)
]]>
            </full-stacktrace>
          </exception> <!-- org.openqa.selenium.TimeoutException -->
          <reporter-output>
          </reporter-output>
        </test-method> <!-- runScenario -->
        <test-method is-config="true" signature="tearDownClass()[pri:0, instance:Runner.TestApplication@5d908d47]" started-at="2023-10-04T17:46:28 IST" name="tearDownClass" finished-at="2023-10-04T17:46:35 IST" duration-ms="7716" status="PASS">
          <reporter-output>
          </reporter-output>
        </test-method> <!-- tearDownClass -->
      </class> <!-- Runner.TestApplication -->
    </test> <!-- Default test -->
  </suite> <!-- Default suite -->
</testng-results>
