<?xml version="1.0" encoding="UTF-8"?>
<testng-results ignored="0" total="1" passed="0" failed="1" skipped="0">
  <reporter-output>
  </reporter-output>
  <suite started-at="2024-02-06T17:39:41 IST" name="Default suite" finished-at="2024-02-06T17:41:51 IST" duration-ms="130048">
    <groups>
      <group name="cucumber">
        <method signature="AbstractTestNGCucumberTests.runScenario(io.cucumber.testng.PickleWrapper,io.cucumber.testng.FeatureWrapper)[pri:0, instance:Runner.TestApplication@5d908d47]" name="runScenario" class="io.cucumber.testng.AbstractTestNGCucumberTests"/>
      </group> <!-- cucumber -->
    </groups>
    <test started-at="2024-02-06T17:39:41 IST" name="Default test" finished-at="2024-02-06T17:41:51 IST" duration-ms="130048">
      <class name="Runner.TestApplication">
        <test-method is-config="true" signature="setUpClass()[pri:0, instance:Runner.TestApplication@5d908d47]" started-at="2024-02-06T17:39:41 IST" name="setUpClass" finished-at="2024-02-06T17:39:42 IST" duration-ms="1309" status="PASS">
          <reporter-output>
          </reporter-output>
        </test-method> <!-- setUpClass -->
        <test-method signature="runScenario(io.cucumber.testng.PickleWrapper,io.cucumber.testng.FeatureWrapper)[pri:0, instance:Runner.TestApplication@5d908d47]" started-at="2024-02-06T17:39:42 IST" name="runScenario" description="Runs Cucumber Scenarios" data-provider="scenarios" finished-at="2024-02-06T17:41:40 IST" duration-ms="118214" status="FAIL">
          <params>
            <param index="0">
              <value>
                <![CDATA["Verify the All fields and dropdown value in the Own Bank Scheduled transfer"]]>
              </value>
            </param>
            <param index="1">
              <value>
                <![CDATA["Optional[To test the functionality of the CreditCard Settlement in my Cards Page]"]]>
              </value>
            </param>
          </params>
          <exception class="java.lang.IllegalArgumentException">
            <message>
              <![CDATA[Cannot find elements when the XPath is null.]]>
            </message>
            <full-stacktrace>
              <![CDATA[java.lang.IllegalArgumentException: Cannot find elements when the XPath is null.
at org.openqa.selenium.internal.Require$ArgumentChecker.nonNull(Require.java:207)
at org.openqa.selenium.By$ByXPath.<init>(By.java:286)
at org.openqa.selenium.By.xpath(By.java:89)
at utilities.UserUtility_614.waitHelper(UserUtility_614.java:53)
at utilities.UserUtility_614.elementIsVisible(UserUtility_614.java:635)
at stepdefinitions.Transfers.user_626_validate_the_to_account_field_is_available_in_scheduled_own_account_transfer(Transfers.java:104)
at ✽.User_626 Validate the To Account field is Available in Scheduled own account transfer(file:///C:/Users/inindc00626/git/DigitalBanking/Azentio_DigitalBanking_Kailash/src/test/java/features/ScheduledTransfers.feature:209)
]]>
            </full-stacktrace>
          </exception> <!-- java.lang.IllegalArgumentException -->
          <reporter-output>
          </reporter-output>
        </test-method> <!-- runScenario -->
        <test-method is-config="true" signature="tearDownClass()[pri:0, instance:Runner.TestApplication@5d908d47]" started-at="2024-02-06T17:41:40 IST" name="tearDownClass" finished-at="2024-02-06T17:41:51 IST" duration-ms="10425" status="PASS">
          <reporter-output>
          </reporter-output>
        </test-method> <!-- tearDownClass -->
      </class> <!-- Runner.TestApplication -->
    </test> <!-- Default test -->
  </suite> <!-- Default suite -->
</testng-results>
