<?xml version="1.0" encoding="UTF-8"?>
<testng-results ignored="0" total="4" passed="4" failed="0" skipped="0">
  <reporter-output>
  </reporter-output>
  <suite started-at="2023-12-01T17:47:01 IST" name="Default suite" finished-at="2023-12-01T17:54:09 IST" duration-ms="428057">
    <groups>
      <group name="cucumber">
        <method signature="AbstractTestNGCucumberTests.runScenario(io.cucumber.testng.PickleWrapper,io.cucumber.testng.FeatureWrapper)[pri:0, instance:Runner.TestApplication@5d908d47]" name="runScenario" class="io.cucumber.testng.AbstractTestNGCucumberTests"/>
      </group> <!-- cucumber -->
    </groups>
    <test started-at="2023-12-01T17:47:01 IST" name="Default test" finished-at="2023-12-01T17:54:09 IST" duration-ms="428057">
      <class name="Runner.TestApplication">
        <test-method is-config="true" signature="setUpClass()[pri:0, instance:Runner.TestApplication@5d908d47]" started-at="2023-12-01T17:47:01 IST" name="setUpClass" finished-at="2023-12-01T17:47:01 IST" duration-ms="871" status="PASS">
          <reporter-output>
          </reporter-output>
        </test-method> <!-- setUpClass -->
        <test-method signature="runScenario(io.cucumber.testng.PickleWrapper,io.cucumber.testng.FeatureWrapper)[pri:0, instance:Runner.TestApplication@5d908d47]" started-at="2023-12-01T17:47:02 IST" name="runScenario" description="Runs Cucumber Scenarios" data-provider="scenarios" finished-at="2023-12-01T17:48:55 IST" duration-ms="113455" status="PASS">
          <params>
            <param index="0">
              <value>
                <![CDATA["Verify That "Cards Menu" is Displayed In Omnichannel Corporate Under Full Menu"]]>
              </value>
            </param>
            <param index="1">
              <value>
                <![CDATA["Optional[To Test the Functionality of Debit Card Request]"]]>
              </value>
            </param>
          </params>
          <reporter-output>
          </reporter-output>
        </test-method> <!-- runScenario -->
        <test-method signature="runScenario(io.cucumber.testng.PickleWrapper,io.cucumber.testng.FeatureWrapper)[pri:0, instance:Runner.TestApplication@5d908d47]" started-at="2023-12-01T17:48:55 IST" name="runScenario" description="Runs Cucumber Scenarios" data-provider="scenarios" finished-at="2023-12-01T17:50:28 IST" duration-ms="93193" status="PASS">
          <params>
            <param index="0">
              <value>
                <![CDATA["Verify That "Cards Menu" is Displayed In Omnichannel Corporate Under Full Menu"]]>
              </value>
            </param>
            <param index="1">
              <value>
                <![CDATA["Optional[To Test the Functionality of Debit Card Request]"]]>
              </value>
            </param>
          </params>
          <reporter-output>
          </reporter-output>
        </test-method> <!-- runScenario -->
        <test-method signature="runScenario(io.cucumber.testng.PickleWrapper,io.cucumber.testng.FeatureWrapper)[pri:0, instance:Runner.TestApplication@5d908d47]" started-at="2023-12-01T17:50:28 IST" name="runScenario" description="Runs Cucumber Scenarios" data-provider="scenarios" finished-at="2023-12-01T17:51:47 IST" duration-ms="78812" status="PASS">
          <params>
            <param index="0">
              <value>
                <![CDATA["Verify That "Cards Menu" is Displayed In Omnichannel Corporate Under Full Menu(pin Reset)"]]>
              </value>
            </param>
            <param index="1">
              <value>
                <![CDATA["Optional[To Test the Functionality of Debit Card Request]"]]>
              </value>
            </param>
          </params>
          <reporter-output>
          </reporter-output>
        </test-method> <!-- runScenario -->
        <test-method signature="runScenario(io.cucumber.testng.PickleWrapper,io.cucumber.testng.FeatureWrapper)[pri:0, instance:Runner.TestApplication@5d908d47]" started-at="2023-12-01T17:51:47 IST" name="runScenario" description="Runs Cucumber Scenarios" data-provider="scenarios" finished-at="2023-12-01T17:53:21 IST" duration-ms="94288" status="PASS">
          <params>
            <param index="0">
              <value>
                <![CDATA["Verify That "Cards Menu" is Displayed In Omnichannel Corporate Under Full Menu(Deactivate)"]]>
              </value>
            </param>
            <param index="1">
              <value>
                <![CDATA["Optional[To Test the Functionality of Debit Card Request]"]]>
              </value>
            </param>
          </params>
          <reporter-output>
          </reporter-output>
        </test-method> <!-- runScenario -->
        <test-method is-config="true" signature="tearDownClass()[pri:0, instance:Runner.TestApplication@5d908d47]" started-at="2023-12-01T17:53:21 IST" name="tearDownClass" finished-at="2023-12-01T17:54:09 IST" duration-ms="47367" status="PASS">
          <reporter-output>
          </reporter-output>
        </test-method> <!-- tearDownClass -->
      </class> <!-- Runner.TestApplication -->
    </test> <!-- Default test -->
  </suite> <!-- Default suite -->
</testng-results>
