<?xml version="1.0" encoding="UTF-8"?>
<testng-results ignored="0" total="1" passed="1" failed="0" skipped="0">
  <reporter-output>
  </reporter-output>
  <suite started-at="2023-12-07T10:06:15 IST" name="Default suite" finished-at="2023-12-07T10:08:15 IST" duration-ms="119667">
    <groups>
      <group name="cucumber">
        <method signature="AbstractTestNGCucumberTests.runScenario(io.cucumber.testng.PickleWrapper,io.cucumber.testng.FeatureWrapper)[pri:0, instance:Runner.TestApplication@660acfb]" name="runScenario" class="io.cucumber.testng.AbstractTestNGCucumberTests"/>
      </group> <!-- cucumber -->
    </groups>
    <test started-at="2023-12-07T10:06:15 IST" name="Default test" finished-at="2023-12-07T10:08:15 IST" duration-ms="119667">
      <class name="Runner.TestApplication">
        <test-method is-config="true" signature="setUpClass()[pri:0, instance:Runner.TestApplication@660acfb]" started-at="2023-12-07T10:06:15 IST" name="setUpClass" finished-at="2023-12-07T10:06:16 IST" duration-ms="958" status="PASS">
          <reporter-output>
          </reporter-output>
        </test-method> <!-- setUpClass -->
        <test-method signature="runScenario(io.cucumber.testng.PickleWrapper,io.cucumber.testng.FeatureWrapper)[pri:0, instance:Runner.TestApplication@660acfb]" started-at="2023-12-07T10:06:16 IST" name="runScenario" description="Runs Cucumber Scenarios" data-provider="scenarios" finished-at="2023-12-07T10:08:01 IST" duration-ms="104372" status="PASS">
          <params>
            <param index="0">
              <value>
                <![CDATA["Verify That "Cards Menu" is Displayed In Omnichannel Corporate Under Full Menu(Record Saving)"]]>
              </value>
            </param>
            <param index="1">
              <value>
                <![CDATA["Optional[To Test the Functionality of Debit Card details]"]]>
              </value>
            </param>
          </params>
          <reporter-output>
          </reporter-output>
        </test-method> <!-- runScenario -->
        <test-method is-config="true" signature="tearDownClass()[pri:0, instance:Runner.TestApplication@660acfb]" started-at="2023-12-07T10:08:01 IST" name="tearDownClass" finished-at="2023-12-07T10:08:15 IST" duration-ms="14281" status="PASS">
          <reporter-output>
          </reporter-output>
        </test-method> <!-- tearDownClass -->
      </class> <!-- Runner.TestApplication -->
    </test> <!-- Default test -->
  </suite> <!-- Default suite -->
</testng-results>
