<?xml version="1.0" encoding="UTF-8"?>
<testng-results ignored="0" total="1" passed="0" failed="1" skipped="0">
  <reporter-output>
  </reporter-output>
  <suite started-at="2024-01-17T10:10:46 IST" name="Default suite" finished-at="2024-01-17T10:12:18 IST" duration-ms="91845">
    <groups>
      <group name="cucumber">
        <method signature="AbstractTestNGCucumberTests.runScenario(io.cucumber.testng.PickleWrapper,io.cucumber.testng.FeatureWrapper)[pri:0, instance:Runner.TestApplication@5efa40fe]" name="runScenario" class="io.cucumber.testng.AbstractTestNGCucumberTests"/>
      </group> <!-- cucumber -->
    </groups>
    <test started-at="2024-01-17T10:10:46 IST" name="Default test" finished-at="2024-01-17T10:12:18 IST" duration-ms="91845">
      <class name="Runner.TestApplication">
        <test-method is-config="true" signature="setUpClass()[pri:0, instance:Runner.TestApplication@5efa40fe]" started-at="2024-01-17T10:10:46 IST" name="setUpClass" finished-at="2024-01-17T10:10:47 IST" duration-ms="937" status="PASS">
          <reporter-output>
          </reporter-output>
        </test-method> <!-- setUpClass -->
        <test-method signature="runScenario(io.cucumber.testng.PickleWrapper,io.cucumber.testng.FeatureWrapper)[pri:0, instance:Runner.TestApplication@5efa40fe]" started-at="2024-01-17T10:10:47 IST" name="runScenario" description="Runs Cucumber Scenarios" data-provider="scenarios" finished-at="2024-01-17T10:12:18 IST" duration-ms="90791" status="FAIL">
          <params>
            <param index="0">
              <value>
                <![CDATA["block card -- maker - checker testing - disabled"]]>
              </value>
            </param>
            <param index="1">
              <value>
                <![CDATA["Optional[Testing the functionalities of Cards (11,14)]"]]>
              </value>
            </param>
          </params>
          <exception class="java.lang.NullPointerException">
            <message>
              <![CDATA[Cannot invoke "java.util.HashMap.get(Object)" because "this.testData" is null]]>
            </message>
            <full-stacktrace>
              <![CDATA[java.lang.NullPointerException: Cannot invoke "java.util.HashMap.get(Object)" because "this.testData" is null
at stepdefinitions.DebitCardDetails.user_626_select_the_option_below_the_block_card_screen(DebitCardDetails.java:1073)
at ✽.User_626 Select the option below the block card Screen(file:///C:/Users/inindc00626/git/DigitalBanking/Azentio_DigitalBanking_Kailash/src/test/java/features/Cards.feature:82)
]]>
            </full-stacktrace>
          </exception> <!-- java.lang.NullPointerException -->
          <reporter-output>
          </reporter-output>
        </test-method> <!-- runScenario -->
        <test-method is-config="true" signature="tearDownClass()[pri:0, instance:Runner.TestApplication@5efa40fe]" started-at="2024-01-17T10:12:18 IST" name="tearDownClass" finished-at="2024-01-17T10:12:18 IST" duration-ms="40" status="PASS">
          <reporter-output>
          </reporter-output>
        </test-method> <!-- tearDownClass -->
      </class> <!-- Runner.TestApplication -->
    </test> <!-- Default test -->
  </suite> <!-- Default suite -->
</testng-results>
