<?xml version="1.0" encoding="UTF-8"?>
<testng-results ignored="0" total="1" passed="1" failed="0" skipped="0">
  <reporter-output>
  </reporter-output>
  <suite started-at="2024-01-05T14:59:11 IST" name="Default suite" finished-at="2024-01-05T15:03:05 IST" duration-ms="233356">
    <groups>
      <group name="cucumber">
        <method signature="AbstractTestNGCucumberTests.runScenario(io.cucumber.testng.PickleWrapper,io.cucumber.testng.FeatureWrapper)[pri:0, instance:Runner.TestApplication@660acfb]" name="runScenario" class="io.cucumber.testng.AbstractTestNGCucumberTests"/>
      </group> <!-- cucumber -->
    </groups>
    <test started-at="2024-01-05T14:59:11 IST" name="Default test" finished-at="2024-01-05T15:03:05 IST" duration-ms="233356">
      <class name="Runner.TestApplication">
        <test-method is-config="true" signature="setUpClass()[pri:0, instance:Runner.TestApplication@660acfb]" started-at="2024-01-05T14:59:11 IST" name="setUpClass" finished-at="2024-01-05T14:59:12 IST" duration-ms="1004" status="PASS">
          <reporter-output>
          </reporter-output>
        </test-method> <!-- setUpClass -->
        <test-method signature="runScenario(io.cucumber.testng.PickleWrapper,io.cucumber.testng.FeatureWrapper)[pri:0, instance:Runner.TestApplication@660acfb]" started-at="2024-01-05T14:59:12 IST" name="runScenario" description="Runs Cucumber Scenarios" data-provider="scenarios" finished-at="2024-01-05T15:02:42 IST" duration-ms="209929" status="PASS">
          <params>
            <param index="0">
              <value>
                <![CDATA["Validate the Debit Card Details Screen1 All Fields"]]>
              </value>
            </param>
            <param index="1">
              <value>
                <![CDATA["Optional[To Test the Functionality of Debit Card details (11,14)]"]]>
              </value>
            </param>
          </params>
          <reporter-output>
          </reporter-output>
        </test-method> <!-- runScenario -->
        <test-method is-config="true" signature="tearDownClass()[pri:0, instance:Runner.TestApplication@660acfb]" started-at="2024-01-05T15:02:42 IST" name="tearDownClass" finished-at="2024-01-05T15:03:05 IST" duration-ms="22367" status="PASS">
          <reporter-output>
          </reporter-output>
        </test-method> <!-- tearDownClass -->
      </class> <!-- Runner.TestApplication -->
    </test> <!-- Default test -->
  </suite> <!-- Default suite -->
</testng-results>
