<?xml version="1.0" encoding="UTF-8"?>
<testng-results ignored="0" total="1" passed="0" failed="1" skipped="0">
  <reporter-output>
  </reporter-output>
  <suite started-at="2023-12-04T12:44:59 IST" name="Default suite" finished-at="2023-12-04T12:46:58 IST" duration-ms="119568">
    <groups>
      <group name="cucumber">
        <method signature="AbstractTestNGCucumberTests.runScenario(io.cucumber.testng.PickleWrapper,io.cucumber.testng.FeatureWrapper)[pri:0, instance:Runner.TestApplication@5efa40fe]" name="runScenario" class="io.cucumber.testng.AbstractTestNGCucumberTests"/>
      </group> <!-- cucumber -->
    </groups>
    <test started-at="2023-12-04T12:44:59 IST" name="Default test" finished-at="2023-12-04T12:46:58 IST" duration-ms="119568">
      <class name="Runner.TestApplication">
        <test-method is-config="true" signature="setUpClass()[pri:0, instance:Runner.TestApplication@5efa40fe]" started-at="2023-12-04T12:44:59 IST" name="setUpClass" finished-at="2023-12-04T12:45:02 IST" duration-ms="3343" status="PASS">
          <reporter-output>
          </reporter-output>
        </test-method> <!-- setUpClass -->
        <test-method signature="runScenario(io.cucumber.testng.PickleWrapper,io.cucumber.testng.FeatureWrapper)[pri:0, instance:Runner.TestApplication@5efa40fe]" started-at="2023-12-04T12:45:02 IST" name="runScenario" description="Runs Cucumber Scenarios" data-provider="scenarios" finished-at="2023-12-04T12:46:44 IST" duration-ms="102298" status="FAIL">
          <params>
            <param index="0">
              <value>
                <![CDATA["Verify That "Cards Menu" is Displayed In Omnichannel Corporate Under Full Menu(Limit Update Screen)"]]>
              </value>
            </param>
            <param index="1">
              <value>
                <![CDATA["Optional[To Test the Functionality of Debit Card Request]"]]>
              </value>
            </param>
          </params>
          <exception class="java.lang.AssertionError">
            <message>
              <![CDATA[Cannot invoke "String.contains(java.lang.CharSequence)" because "UtilizedPOSLimit" is null]]>
            </message>
            <full-stacktrace>
              <![CDATA[java.lang.AssertionError: Cannot invoke "String.contains(java.lang.CharSequence)" because "UtilizedPOSLimit" is null
at org.testng.Assert.fail(Assert.java:111)
at stepdefinitions.DebitCardRequest.user_check_the_utilized_pos_limit_field_is_in_read_only_mode_pos_limit_update(DebitCardRequest.java:427)
at ✽.User_626 Check the Utilized POS Limit Field is in read only Mode POS Limit Update(file:///C:/Users/inindc00626/git/DigitalBanking/Azentio_DigitalBanking_Kailash/src/test/java/features/DebitCardRequest.feature:120)
]]>
            </full-stacktrace>
          </exception> <!-- java.lang.AssertionError -->
          <reporter-output>
          </reporter-output>
        </test-method> <!-- runScenario -->
        <test-method is-config="true" signature="tearDownClass()[pri:0, instance:Runner.TestApplication@5efa40fe]" started-at="2023-12-04T12:46:44 IST" name="tearDownClass" finished-at="2023-12-04T12:46:58 IST" duration-ms="13860" status="PASS">
          <reporter-output>
          </reporter-output>
        </test-method> <!-- tearDownClass -->
      </class> <!-- Runner.TestApplication -->
    </test> <!-- Default test -->
  </suite> <!-- Default suite -->
</testng-results>
