<?xml version="1.0" encoding="UTF-8"?>
<testng-results ignored="0" total="1" passed="1" failed="0" skipped="0">
  <reporter-output>
  </reporter-output>
  <suite started-at="2023-08-25T18:39:35 IST" name="Default suite" finished-at="2023-08-25T18:44:44 IST" duration-ms="309327">
    <groups>
      <group name="cucumber">
        <method signature="AbstractTestNGCucumberTests.runScenario(io.cucumber.testng.PickleWrapper,io.cucumber.testng.FeatureWrapper)[pri:0, instance:Runner.TestApplication@4b29d1d2]" name="runScenario" class="io.cucumber.testng.AbstractTestNGCucumberTests"/>
      </group> <!-- cucumber -->
    </groups>
    <test started-at="2023-08-25T18:39:35 IST" name="Default test" finished-at="2023-08-25T18:44:44 IST" duration-ms="309327">
      <class name="Runner.TestApplication">
        <test-method is-config="true" signature="setUpClass()[pri:0, instance:Runner.TestApplication@4b29d1d2]" started-at="2023-08-25T18:39:35 IST" name="setUpClass" finished-at="2023-08-25T18:39:37 IST" duration-ms="2571" status="PASS">
          <reporter-output>
          </reporter-output>
        </test-method> <!-- setUpClass -->
        <test-method signature="runScenario(io.cucumber.testng.PickleWrapper,io.cucumber.testng.FeatureWrapper)[pri:0, instance:Runner.TestApplication@4b29d1d2]" started-at="2023-08-25T18:39:37 IST" name="runScenario" description="Runs Cucumber Scenarios" data-provider="scenarios" finished-at="2023-08-25T18:44:43 IST" duration-ms="305294" status="PASS">
          <params>
            <param index="0">
              <value>
                <![CDATA["Submit own bank transfer to non predefined beneficiary - scheduled with corporate user have maker checker access"]]>
              </value>
            </param>
            <param index="1">
              <value>
                <![CDATA["Optional[Checking the functionalities of Account Transfer]"]]>
              </value>
            </param>
          </params>
          <reporter-output>
          </reporter-output>
        </test-method> <!-- runScenario -->
        <test-method is-config="true" signature="tearDownClass()[pri:0, instance:Runner.TestApplication@4b29d1d2]" started-at="2023-08-25T18:44:43 IST" name="tearDownClass" finished-at="2023-08-25T18:44:44 IST" duration-ms="1038" status="PASS">
          <reporter-output>
          </reporter-output>
        </test-method> <!-- tearDownClass -->
      </class> <!-- Runner.TestApplication -->
    </test> <!-- Default test -->
  </suite> <!-- Default suite -->
</testng-results>
