<?xml version="1.0" encoding="UTF-8"?>
<testng-results ignored="0" total="1" passed="0" failed="1" skipped="0">
  <reporter-output>
  </reporter-output>
  <suite started-at="2023-09-07T11:40:26 IST" name="Default suite" finished-at="2023-09-07T11:43:50 IST" duration-ms="203417">
    <groups>
      <group name="cucumber">
        <method signature="AbstractTestNGCucumberTests.runScenario(io.cucumber.testng.PickleWrapper,io.cucumber.testng.FeatureWrapper)[pri:0, instance:Runner.TestApplication@3ba987b8]" name="runScenario" class="io.cucumber.testng.AbstractTestNGCucumberTests"/>
      </group> <!-- cucumber -->
    </groups>
    <test started-at="2023-09-07T11:40:26 IST" name="Default test" finished-at="2023-09-07T11:43:50 IST" duration-ms="203417">
      <class name="Runner.TestApplication">
        <test-method is-config="true" signature="setUpClass()[pri:0, instance:Runner.TestApplication@3ba987b8]" started-at="2023-09-07T11:40:26 IST" name="setUpClass" finished-at="2023-09-07T11:40:29 IST" duration-ms="2774" status="PASS">
          <reporter-output>
          </reporter-output>
        </test-method> <!-- setUpClass -->
        <test-method signature="runScenario(io.cucumber.testng.PickleWrapper,io.cucumber.testng.FeatureWrapper)[pri:0, instance:Runner.TestApplication@3ba987b8]" started-at="2023-09-07T11:40:29 IST" name="runScenario" description="Runs Cucumber Scenarios" data-provider="scenarios" finished-at="2023-09-07T11:43:49 IST" duration-ms="199521" status="FAIL">
          <params>
            <param index="0">
              <value>
                <![CDATA["Submit own bank transfer to non predefined beneficiary - scheduled with corporate user have maker checker access"]]>
              </value>
            </param>
            <param index="1">
              <value>
                <![CDATA["Optional[Checking the functionalities of Account Transfer]"]]>
              </value>
            </param>
          </params>
          <exception class="java.lang.NullPointerException">
            <message>
              <![CDATA[Cannot invoke "String.equals(Object)" because "referenceNoFromOmniDataBaseNew" is null]]>
            </message>
            <full-stacktrace>
              <![CDATA[java.lang.NullPointerException: Cannot invoke "String.equals(Object)" because "referenceNoFromOmniDataBaseNew" is null
at stepdefinitions.AdminScreen_Steps_614.User_614ValidatesTheReferenceIdFromTheConfirmationReportAsPerDbOc_Data_Save(AdminScreen_Steps_614.java:808)
at ✽.user_614 validates the reference id from the confirmation report as per DB oc_data_save(file:///C:/Users/ININDC00614/git/DigitalBanking/Azentio_DigitalBanking_Vimal/src/test/java/features/DBTransactions_614.feature:498)
]]>
            </full-stacktrace>
          </exception> <!-- java.lang.NullPointerException -->
          <reporter-output>
          </reporter-output>
        </test-method> <!-- runScenario -->
        <test-method is-config="true" signature="tearDownClass()[pri:0, instance:Runner.TestApplication@3ba987b8]" started-at="2023-09-07T11:43:49 IST" name="tearDownClass" finished-at="2023-09-07T11:43:50 IST" duration-ms="1001" status="PASS">
          <reporter-output>
          </reporter-output>
        </test-method> <!-- tearDownClass -->
      </class> <!-- Runner.TestApplication -->
    </test> <!-- Default test -->
  </suite> <!-- Default suite -->
</testng-results>
