<?xml version="1.0" encoding="UTF-8"?>
<testng-results ignored="0" total="1" passed="1" failed="0" skipped="0">
  <reporter-output>
  </reporter-output>
  <suite started-at="2023-08-07T12:16:59 IST" name="Default suite" finished-at="2023-08-07T12:21:28 IST" duration-ms="268673">
    <groups>
      <group name="cucumber">
        <method signature="AbstractTestNGCucumberTests.runScenario(io.cucumber.testng.PickleWrapper,io.cucumber.testng.FeatureWrapper)[pri:0, instance:Runner.TestApplication@1349883]" name="runScenario" class="io.cucumber.testng.AbstractTestNGCucumberTests"/>
      </group> <!-- cucumber -->
    </groups>
    <test started-at="2023-08-07T12:16:59 IST" name="Default test" finished-at="2023-08-07T12:21:28 IST" duration-ms="268673">
      <class name="Runner.TestApplication">
        <test-method is-config="true" signature="setUpClass()[pri:0, instance:Runner.TestApplication@1349883]" started-at="2023-08-07T12:16:59 IST" name="setUpClass" finished-at="2023-08-07T12:17:01 IST" duration-ms="2354" status="PASS">
          <reporter-output>
          </reporter-output>
        </test-method> <!-- setUpClass -->
        <test-method signature="runScenario(io.cucumber.testng.PickleWrapper,io.cucumber.testng.FeatureWrapper)[pri:0, instance:Runner.TestApplication@1349883]" started-at="2023-08-07T12:17:01 IST" name="runScenario" description="Runs Cucumber Scenarios" data-provider="scenarios" finished-at="2023-08-07T12:21:09 IST" duration-ms="247274" status="PASS">
          <params>
            <param index="0">
              <value>
                <![CDATA["Checking the login functionalities"]]>
              </value>
            </param>
            <param index="1">
              <value>
                <![CDATA["Optional[Digital Banking]"]]>
              </value>
            </param>
          </params>
          <reporter-output>
          </reporter-output>
        </test-method> <!-- runScenario -->
        <test-method is-config="true" signature="tearDownClass()[pri:0, instance:Runner.TestApplication@1349883]" started-at="2023-08-07T12:21:09 IST" name="tearDownClass" finished-at="2023-08-07T12:21:28 IST" duration-ms="18966" status="PASS">
          <reporter-output>
          </reporter-output>
        </test-method> <!-- tearDownClass -->
      </class> <!-- Runner.TestApplication -->
    </test> <!-- Default test -->
  </suite> <!-- Default suite -->
</testng-results>
