<?xml version="1.0" encoding="UTF-8"?>
<!-- Generated by org.testng.reporters.JUnitReportReporter -->
<testsuite hostname="PSK9T3U-DESKTOP" failures="1" tests="1" name="Runner.TestApplication" time="145.993" errors="0" timestamp="2023-08-30T16:46:28 IST" skipped="0">
  <testcase classname="Runner.TestApplication" name="runScenario" time="145.993">
    <failure message="invalid element state: Element is not currently interactable and may not be manipulated
  (Session info: chrome=116.0.5845.112)
Build info: version: &#039;4.11.0&#039;, revision: &#039;040bc5406b&#039;
System info: os.name: &#039;Windows 10&#039;, os.arch: &#039;amd64&#039;, os.version: &#039;10.0&#039;, java.version: &#039;16.0.2&#039;
Driver info: org.openqa.selenium.chrome.ChromeDriver
Command: [41a1f18a2024b7a9d5afd8e1a1e5b64d, clearElement {id=AFF6B4E4A76382CEBBF2EF3D00B6D33F_element_148}]
Capabilities {acceptInsecureCerts: false, browserName: chrome, browserVersion: 116.0.5845.112, chrome: {chromedriverVersion: 115.0.5790.102 (90efd4b0ad6..., userDataDir: C:\Users\ININDC~1\AppData\L...}, goog:chromeOptions: {debuggerAddress: localhost:61898}, networkConnectionEnabled: false, pageLoadStrategy: normal, platformName: windows, proxy: Proxy(), se:cdp: ws://localhost:61898/devtoo..., se:cdpVersion: 116.0.5845.112, setWindowRect: true, strictFileInteractability: false, timeouts: {implicit: 0, pageLoad: 300000, script: 30000}, unhandledPromptBehavior: dismiss and notify, webauthn:extension:credBlob: true, webauthn:extension:largeBlob: true, webauthn:extension:minPinLength: true, webauthn:extension:prf: true, webauthn:virtualAuthenticators: true}
Element: [org.openqa.selenium.remote.RemoteWebElement@69e7188c -&gt; unknown locator]
Session ID: 41a1f18a2024b7a9d5afd8e1a1e5b64d" type="java.lang.AssertionError">
      <![CDATA[java.lang.AssertionError: invalid element state: Element is not currently interactable and may not be manipulated
  (Session info: chrome=116.0.5845.112)
Build info: version: '4.11.0', revision: '040bc5406b'
System info: os.name: 'Windows 10', os.arch: 'amd64', os.version: '10.0', java.version: '16.0.2'
Driver info: org.openqa.selenium.chrome.ChromeDriver
Command: [41a1f18a2024b7a9d5afd8e1a1e5b64d, clearElement {id=AFF6B4E4A76382CEBBF2EF3D00B6D33F_element_148}]
Capabilities {acceptInsecureCerts: false, browserName: chrome, browserVersion: 116.0.5845.112, chrome: {chromedriverVersion: 115.0.5790.102 (90efd4b0ad6..., userDataDir: C:\Users\ININDC~1\AppData\L...}, goog:chromeOptions: {debuggerAddress: localhost:61898}, networkConnectionEnabled: false, pageLoadStrategy: normal, platformName: windows, proxy: Proxy(), se:cdp: ws://localhost:61898/devtoo..., se:cdpVersion: 116.0.5845.112, setWindowRect: true, strictFileInteractability: false, timeouts: {implicit: 0, pageLoad: 300000, script: 30000}, unhandledPromptBehavior: dismiss and notify, webauthn:extension:credBlob: true, webauthn:extension:largeBlob: true, webauthn:extension:minPinLength: true, webauthn:extension:prf: true, webauthn:virtualAuthenticators: true}
Element: [org.openqa.selenium.remote.RemoteWebElement@69e7188c -> unknown locator]
Session ID: 41a1f18a2024b7a9d5afd8e1a1e5b64d
at org.testng.Assert.fail(Assert.java:99)
at stepdefinitions.AdminScreen_Steps_0482.user_482_enter_iban_account_no_under_international_bank_transfer(AdminScreen_Steps_0482.java:767)
at ✽.user_482 enter iban Account no under international bank transfer(file:///C:/Users/ININDC00482/git/DigitalBank/Azentio_DigitalBanking_Ajith/src/test/java/features/AccountTranfer_482.feature:96)
]]>
    </failure>
  </testcase> <!-- runScenario -->
  <system-out/>
</testsuite> <!-- Runner.TestApplication -->
