<?xml version="1.0" encoding="UTF-8"?>
<!-- Generated by org.testng.reporters.JUnitXMLReporter -->
<testsuite ignored="0" hostname="DESKTOP-PSK9T3H" failures="1" tests="1" name="Default test" time="151.785" errors="0" timestamp="2023-12-15T17:51:18 IST">
  <testcase classname="io.cucumber.testng.AbstractTestNGCucumberTests" name="runScenario" time="132.065">
    <failure type="org.openqa.selenium.TimeoutException" message="Expected condition failed: waiting for element to be clickable: By.xpath: //ion-icon[@id=&amp;apos;back_icon&amp;apos;] (tried for 20 second(s) with 1000 milliseconds interval)
Build info: version: &amp;apos;4.12.1&amp;apos;, revision: &amp;apos;8e34639b11&amp;apos;
System info: os.name: &amp;apos;Windows 10&amp;apos;, os.arch: &amp;apos;amd64&amp;apos;, os.version: &amp;apos;10.0&amp;apos;, java.version: &amp;apos;17.0.8&amp;apos;
Driver info: driver.version: unknown">
      <![CDATA[org.openqa.selenium.TimeoutException: Expected condition failed: waiting for element to be clickable: By.xpath: //ion-icon[@id='back_icon'] (tried for 20 second(s) with 1000 milliseconds interval)
Build info: version: '4.12.1', revision: '8e34639b11'
System info: os.name: 'Windows 10', os.arch: 'amd64', os.version: '10.0', java.version: '17.0.8'
Driver info: driver.version: unknown
at org.openqa.selenium.support.ui.FluentWait.timeoutException(FluentWait.java:262)
at org.openqa.selenium.support.ui.FluentWait.until(FluentWait.java:230)
at utilities.UserUtility_614.waitHelperClick(UserUtility_614.java:154)
at utilities.UserUtility_614.clickOnElementNoWait(UserUtility_614.java:215)
at stepdefinitions.CreditCardSettlementSteps_612.user_click_previous_button_under_my_credit_card_settlement(CreditCardSettlementSteps_612.java:218)
at ✽.user_612 click previous button under my credit card settlement(file:///C:/Users/inindc00612/git/DigitalBanking/Azentio_DigitalBanking_Razia2/src/test/java/Features/CreditCardSettlement_612.feature:212)
]]>
    </failure>
  </testcase> <!-- runScenario -->
</testsuite> <!-- Default test -->
