<?xml version="1.0" encoding="UTF-8"?>
<!-- Generated by org.testng.reporters.JUnitReportReporter -->
<testsuite hostname="DESKTOP-PSK9T3G" failures="0" tests="1" name="Runner.TestApplication" time="338.667" errors="1" timestamp="2023-09-08T18:51:16 IST" skipped="0">
  <testcase classname="Runner.TestApplication" name="runScenario" time="338.667">
    <error message="Expected condition failed: waiting for element to be clickable: By.xpath: //div[@class=&#039;menu_content_complex&#039;]//ps-action-menu-item//ion-label[text()=&#039; Cards &#039;] (tried for 100 second(s) with 1000 milliseconds interval)
Build info: version: &#039;4.12.1&#039;, revision: &#039;8e34639b11&#039;
System info: os.name: &#039;Windows 10&#039;, os.arch: &#039;amd64&#039;, os.version: &#039;10.0&#039;, java.version: &#039;17.0.7&#039;
Driver info: driver.version: unknown" type="org.openqa.selenium.TimeoutException">
      <![CDATA[org.openqa.selenium.TimeoutException: Expected condition failed: waiting for element to be clickable: By.xpath: //div[@class='menu_content_complex']//ps-action-menu-item//ion-label[text()=' Cards '] (tried for 100 second(s) with 1000 milliseconds interval)
Build info: version: '4.12.1', revision: '8e34639b11'
System info: os.name: 'Windows 10', os.arch: 'amd64', os.version: '10.0', java.version: '17.0.7'
Driver info: driver.version: unknown
at org.openqa.selenium.support.ui.FluentWait.timeoutException(FluentWait.java:262)
at org.openqa.selenium.support.ui.FluentWait.until(FluentWait.java:230)
at utilities.UserUtility_614.waitHelperClick(UserUtility_614.java:61)
at utilities.UserUtility_614.clickOnElementJs(UserUtility_614.java:214)
at stepdefinitions.Cards_Steps_614.User_614ClickOnTheCardsScreenFromTheOmniHomescreen(Cards_Steps_614.java:68)
at ✽.user_614 click on the cards screen from the omni homescreen(file:///C:/Users/ININDC00614/git/DigitalBanking/src/test/java/features/DBCards_614.feature:65)
]]>
    </error>
  </testcase> <!-- runScenario -->
  <system-out/>
</testsuite> <!-- Runner.TestApplication -->
