<?xml version="1.0" encoding="UTF-8"?>
<!-- Generated by org.testng.reporters.JUnitReportReporter -->
<testsuite hostname="DESKTOP-PSK9T3G" failures="0" tests="1" name="Runner.TestApplication" time="199.521" errors="1" timestamp="2023-09-07T11:43:50 IST" skipped="0">
  <testcase classname="Runner.TestApplication" name="runScenario" time="199.521">
    <error message="Cannot invoke &quot;String.equals(Object)&quot; because &quot;referenceNoFromOmniDataBaseNew&quot; is null" type="java.lang.NullPointerException">
      <![CDATA[java.lang.NullPointerException: Cannot invoke "String.equals(Object)" because "referenceNoFromOmniDataBaseNew" is null
at stepdefinitions.AdminScreen_Steps_614.User_614ValidatesTheReferenceIdFromTheConfirmationReportAsPerDbOc_Data_Save(AdminScreen_Steps_614.java:808)
at ✽.user_614 validates the reference id from the confirmation report as per DB oc_data_save(file:///C:/Users/ININDC00614/git/DigitalBanking/Azentio_DigitalBanking_Vimal/src/test/java/features/DBTransactions_614.feature:498)
]]>
    </error>
  </testcase> <!-- runScenario -->
  <system-out/>
</testsuite> <!-- Runner.TestApplication -->
