<?xml version="1.0" encoding="UTF-8"?>
<!-- Generated by org.testng.reporters.JUnitReportReporter -->
<testsuite hostname="DESKTOP-PSK9T3G" failures="0" tests="1" name="Runner.TestApplication" time="22.488" errors="1" timestamp="2023-08-03T14:12:02 IST" skipped="0">
  <testcase classname="Runner.TestApplication" name="runScenario" time="22.488">
    <error message="Cannot invoke &quot;org.openqa.selenium.WebElement.isDisplayed()&quot; because &quot;element&quot; is null" type="java.lang.NullPointerException">
      <![CDATA[java.lang.NullPointerException: Cannot invoke "org.openqa.selenium.WebElement.isDisplayed()" because "element" is null
at org.openqa.selenium.support.ui.ExpectedConditions.elementIfVisible(ExpectedConditions.java:304)
at org.openqa.selenium.support.ui.ExpectedConditions.access$000(ExpectedConditions.java:37)
at org.openqa.selenium.support.ui.ExpectedConditions$10.apply(ExpectedConditions.java:290)
at org.openqa.selenium.support.ui.ExpectedConditions$10.apply(ExpectedConditions.java:287)
at org.openqa.selenium.support.ui.FluentWait.until(FluentWait.java:205)
at utilities.UserUtility_614.waitHelper_Js(UserUtility_614.java:44)
at utilities.UserUtility_614.enterDataAndTab(UserUtility_614.java:87)
at stepdefinitions.Digital_Banking_Steps_614.UserEntersTheUsername(Digital_Banking_Steps_614.java:29)
at ✽.user enters the username(file:///C:/Users/ININDC00614/eclipse-workspace_Azentio/Azentio_DigitalBanking_Vimal/src/test/java/features/DigitalBanking_614.feature:5)
]]>
    </error>
  </testcase> <!-- runScenario -->
  <system-out/>
</testsuite> <!-- Runner.TestApplication -->
