<?xml version="1.0" encoding="UTF-8"?>
<!-- Generated by org.testng.reporters.JUnitReportReporter -->
<testsuite hostname="AWS-PVDI-8" failures="0" tests="1" name="Runner.TestApplication" time="112.604" errors="1" timestamp="2024-03-06T16:06:56 IST" skipped="0">
  <testcase classname="Runner.TestApplication" name="runScenario" time="112.604">
    <error message="Cannot find elements when the XPath is null." type="java.lang.IllegalArgumentException">
      <![CDATA[java.lang.IllegalArgumentException: Cannot find elements when the XPath is null.
at org.openqa.selenium.internal.Require$ArgumentChecker.nonNull(Require.java:207)
at org.openqa.selenium.By$ByXPath.<init>(By.java:286)
at org.openqa.selenium.By.xpath(By.java:89)
at utilities.UserUtility_614.waitHelperClick(UserUtility_614.java:62)
at utilities.UserUtility_614.clickOnElement(UserUtility_614.java:229)
at stepdefinitions.Beneficiary.user_626_click_on_the_edit_button_below_the_international_beneficiary(Beneficiary.java:376)
at ✽.User_626 Click on the edit button below the international beneficiary(file:///C:/Users/ININDC00074/git/DigitalBanking_AG/Azentio_DigitalBanking_Arul/src/test/java/features/BeneficiaryManagement.feature:15)
]]>
    </error>
  </testcase> <!-- runScenario -->
  <system-out/>
</testsuite> <!-- Runner.TestApplication -->
