<?xml version="1.0" encoding="UTF-8"?>
<!-- Generated by org.testng.reporters.JUnitReportReporter -->
<testsuite hostname="DESKTOP-PSK9T3U" failures="0" tests="1" name="Runner.TestApplication" time="170.382" errors="1" timestamp="2023-09-07T18:33:47 IST" skipped="0">
  <testcase classname="Runner.TestApplication" name="runScenario" time="170.382">
    <error message="Expected condition failed: waiting for element to be clickable: By.xpath: //*[text()=&#039; My Activity Log &#039;] (tried for 30 second(s) with 1000 milliseconds interval)
Build info: version: &#039;4.11.0&#039;, revision: &#039;040bc5406b&#039;
System info: os.name: &#039;Windows 10&#039;, os.arch: &#039;amd64&#039;, os.version: &#039;10.0&#039;, java.version: &#039;19.0.1&#039;
Driver info: driver.version: unknown" type="org.openqa.selenium.TimeoutException">
      <![CDATA[org.openqa.selenium.TimeoutException: Expected condition failed: waiting for element to be clickable: By.xpath: //*[text()=' My Activity Log '] (tried for 30 second(s) with 1000 milliseconds interval)
Build info: version: '4.11.0', revision: '040bc5406b'
System info: os.name: 'Windows 10', os.arch: 'amd64', os.version: '10.0', java.version: '19.0.1'
Driver info: driver.version: unknown
at org.openqa.selenium.support.ui.FluentWait.timeoutException(FluentWait.java:262)
at org.openqa.selenium.support.ui.FluentWait.until(FluentWait.java:230)
at utilities.UserUtility_614.waitHelperClick(UserUtility_614.java:154)
at utilities.UserUtility_614.clickOnElementNoWait(UserUtility_614.java:292)
at stepdefinitions.AdminScreen_Steps_0482.user_click_on_the_my_active_log_report_in_profile(AdminScreen_Steps_0482.java:1379)
at ✽.user_0072 click on the My Active log Report in profile(file:///C:/Users/ININDC00072/eclipse-workspace/.metadata/Azentio_DigitalBanking_sridhar1/src/test/java/features/Beneficiary_Management.feature:147)
]]>
    </error>
  </testcase> <!-- runScenario -->
  <system-out/>
</testsuite> <!-- Runner.TestApplication -->
