<?xml version="1.0" encoding="UTF-8"?>
<testng-results ignored="0" total="1" passed="1" failed="0" skipped="0">
  <reporter-output>
  </reporter-output>
  <suite started-at="2023-07-21T12:34:41 IST" name="Default suite" finished-at="2023-07-21T12:45:45 IST" duration-ms="663365">
    <groups>
    </groups>
    <test started-at="2023-07-21T12:34:41 IST" name="Default test" finished-at="2023-07-21T12:45:45 IST" duration-ms="663365">
      <class name="Runner.NewExcelTestRunner">
        <test-method is-config="true" signature="beforeTest()[pri:0, instance:Runner.NewExcelTestRunner@1698fc68]" started-at="2023-07-21T12:34:41 IST" name="beforeTest" finished-at="2023-07-21T12:34:41 IST" duration-ms="19" status="PASS">
          <reporter-output>
          </reporter-output>
        </test-method> <!-- beforeTest -->
        <test-method signature="test()[pri:0, instance:Runner.NewExcelTestRunner@1698fc68]" started-at="2023-07-21T12:34:41 IST" name="test" finished-at="2023-07-21T12:45:44 IST" duration-ms="662980" status="PASS">
          <reporter-output>
          </reporter-output>
        </test-method> <!-- test -->
        <test-method is-config="true" signature="afterTest()[pri:0, instance:Runner.NewExcelTestRunner@1698fc68]" started-at="2023-07-21T12:45:44 IST" name="afterTest" finished-at="2023-07-21T12:45:45 IST" duration-ms="276" status="PASS">
          <reporter-output>
          </reporter-output>
        </test-method> <!-- afterTest -->
      </class> <!-- Runner.NewExcelTestRunner -->
    </test> <!-- Default test -->
  </suite> <!-- Default suite -->
</testng-results>
